{"/Users/dylan/Code/web/uni-project/src/app.js": {"path":"/Users/dylan/Code/web/uni-project/src/app.js","statementMap":{"0":{"start":{"line":1,"column":16},"end":{"line":1,"column":34}},"1":{"start":{"line":2,"column":16},"end":{"line":2,"column":42}},"2":{"start":{"line":3,"column":19},"end":{"line":3,"column":52}},"3":{"start":{"line":4,"column":17},"end":{"line":4,"column":36}},"4":{"start":{"line":5,"column":23},"end":{"line":5,"column":48}},"5":{"start":{"line":7,"column":25},"end":{"line":7,"column":51}},"6":{"start":{"line":8,"column":24},"end":{"line":8,"column":53}},"7":{"start":{"line":10,"column":15},"end":{"line":10,"column":41}},"8":{"start":{"line":12,"column":12},"end":{"line":12,"column":21}},"9":{"start":{"line":13,"column":0},"end":{"line":13,"column":24}},"10":{"start":{"line":14,"column":0},"end":{"line":14,"column":48}},"11":{"start":{"line":17,"column":20},"end":{"line":17,"column":36}},"12":{"start":{"line":18,"column":0},"end":{"line":18,"column":22}},"13":{"start":{"line":19,"column":0},"end":{"line":21,"column":3}},"14":{"start":{"line":20,"column":2},"end":{"line":20,"column":70}},"15":{"start":{"line":22,"column":0},"end":{"line":24,"column":3}},"16":{"start":{"line":23,"column":2},"end":{"line":23,"column":49}},"17":{"start":{"line":31,"column":0},"end":{"line":43,"column":2}},"18":{"start":{"line":48,"column":0},"end":{"line":48,"column":29}},"19":{"start":{"line":50,"column":0},"end":{"line":50,"column":31}},"20":{"start":{"line":51,"column":0},"end":{"line":51,"column":28}},"21":{"start":{"line":52,"column":0},"end":{"line":52,"column":26}},"22":{"start":{"line":54,"column":0},"end":{"line":54,"column":45}},"23":{"start":{"line":56,"column":0},"end":{"line":56,"column":54}},"24":{"start":{"line":57,"column":0},"end":{"line":57,"column":55}},"25":{"start":{"line":58,"column":0},"end":{"line":58,"column":56}},"26":{"start":{"line":59,"column":0},"end":{"line":59,"column":62}},"27":{"start":{"line":61,"column":0},"end":{"line":61,"column":25}},"28":{"start":{"line":63,"column":0},"end":{"line":63,"column":21}}},"fnMap":{"0":{"name":"(anonymous_0)","decl":{"start":{"line":19,"column":24},"end":{"line":19,"column":25}},"loc":{"start":{"line":19,"column":33},"end":{"line":21,"column":1}},"line":19},"1":{"name":"(anonymous_1)","decl":{"start":{"line":22,"column":26},"end":{"line":22,"column":27}},"loc":{"start":{"line":22,"column":32},"end":{"line":24,"column":1}},"line":22}},"branchMap":{},"s":{"0":4,"1":4,"2":4,"3":4,"4":4,"5":4,"6":4,"7":4,"8":4,"9":4,"10":4,"11":4,"12":4,"13":4,"14":0,"15":4,"16":4,"17":4,"18":4,"19":4,"20":4,"21":4,"22":4,"23":4,"24":4,"25":4,"26":4,"27":4,"28":4},"f":{"0":0,"1":4},"b":{},"_coverageSchema":"1a1c01bbd47fc00a2c39e90264f33305004495a9","hash":"3f3d9d89f790314ca762ca73145b8987e358303c"}
,"/Users/dylan/Code/web/uni-project/src/config/config.js": {"path":"/Users/dylan/Code/web/uni-project/src/config/config.js","statementMap":{"0":{"start":{"line":1,"column":0},"end":{"line":1,"column":27}},"1":{"start":{"line":3,"column":13},"end":{"line":3,"column":29}},"2":{"start":{"line":4,"column":15},"end":{"line":4,"column":33}},"3":{"start":{"line":7,"column":2},"end":{"line":9,"column":29}},"4":{"start":{"line":10,"column":18},"end":{"line":10,"column":39}},"5":{"start":{"line":11,"column":19},"end":{"line":11,"column":41}},"6":{"start":{"line":12,"column":19},"end":{"line":12,"column":41}},"7":{"start":{"line":13,"column":19},"end":{"line":13,"column":41}},"8":{"start":{"line":14,"column":19},"end":{"line":14,"column":41}},"9":{"start":{"line":15,"column":19},"end":{"line":15,"column":41}},"10":{"start":{"line":17,"column":0},"end":{"line":27,"column":2}}},"fnMap":{},"branchMap":{"0":{"loc":{"start":{"line":7,"column":2},"end":{"line":9,"column":29}},"type":"cond-expr","locations":[{"start":{"line":8,"column":6},"end":{"line":8,"column":35}},{"start":{"line":9,"column":6},"end":{"line":9,"column":29}}],"line":7}},"s":{"0":7,"1":7,"2":7,"3":7,"4":7,"5":7,"6":7,"7":7,"8":7,"9":7,"10":7},"f":{},"b":{"0":[0,7]},"_coverageSchema":"1a1c01bbd47fc00a2c39e90264f33305004495a9","hash":"77810a8a7bec5b487d11f010cf974ba92ebcae78"}
,"/Users/dylan/Code/web/uni-project/src/config/eventTypes.js": {"path":"/Users/dylan/Code/web/uni-project/src/config/eventTypes.js","statementMap":{"0":{"start":{"line":1,"column":0},"end":{"line":4,"column":2}}},"fnMap":{},"branchMap":{},"s":{"0":5},"f":{},"b":{},"_coverageSchema":"1a1c01bbd47fc00a2c39e90264f33305004495a9","hash":"941b3e1bc16bbe1eb1710d2dccb94ceaea0828cc"}
,"/Users/dylan/Code/web/uni-project/src/config/logger.js": {"path":"/Users/dylan/Code/web/uni-project/src/config/logger.js","statementMap":{"0":{"start":{"line":1,"column":16},"end":{"line":1,"column":34}},"1":{"start":{"line":2,"column":12},"end":{"line":2,"column":42}},"2":{"start":{"line":4,"column":15},"end":{"line":10,"column":1}},"3":{"start":{"line":12,"column":14},"end":{"line":15,"column":1}},"4":{"start":{"line":13,"column":24},"end":{"line":13,"column":45}},"5":{"start":{"line":14,"column":2},"end":{"line":14,"column":42}},"6":{"start":{"line":17,"column":15},"end":{"line":23,"column":1}},"7":{"start":{"line":25,"column":0},"end":{"line":25,"column":26}},"8":{"start":{"line":27,"column":15},"end":{"line":33,"column":1}},"9":{"start":{"line":31,"column":14},"end":{"line":31,"column":64}},"10":{"start":{"line":35,"column":19},"end":{"line":42,"column":1}},"11":{"start":{"line":44,"column":15},"end":{"line":49,"column":2}},"12":{"start":{"line":51,"column":0},"end":{"line":51,"column":24}}},"fnMap":{"0":{"name":"(anonymous_0)","decl":{"start":{"line":12,"column":14},"end":{"line":12,"column":15}},"loc":{"start":{"line":12,"column":20},"end":{"line":15,"column":1}},"line":12},"1":{"name":"(anonymous_1)","decl":{"start":{"line":31,"column":4},"end":{"line":31,"column":5}},"loc":{"start":{"line":31,"column":14},"end":{"line":31,"column":64}},"line":31}},"branchMap":{"0":{"loc":{"start":{"line":14,"column":9},"end":{"line":14,"column":41}},"type":"cond-expr","locations":[{"start":{"line":14,"column":25},"end":{"line":14,"column":32}},{"start":{"line":14,"column":35},"end":{"line":14,"column":41}}],"line":14}},"s":{"0":7,"1":7,"2":7,"3":7,"4":7,"5":7,"6":7,"7":7,"8":7,"9":15,"10":7,"11":7,"12":7},"f":{"0":7,"1":15},"b":{"0":[0,7]},"_coverageSchema":"1a1c01bbd47fc00a2c39e90264f33305004495a9","hash":"32319fbece45f6347e50ea7785979b7aceb9d4a6"}
,"/Users/dylan/Code/web/uni-project/src/config/morgan.js": {"path":"/Users/dylan/Code/web/uni-project/src/config/morgan.js","statementMap":{"0":{"start":{"line":1,"column":15},"end":{"line":1,"column":32}},"1":{"start":{"line":2,"column":15},"end":{"line":2,"column":34}},"2":{"start":{"line":6,"column":15},"end":{"line":9,"column":1}},"3":{"start":{"line":8,"column":22},"end":{"line":8,"column":42}},"4":{"start":{"line":16,"column":13},"end":{"line":19,"column":1}},"5":{"start":{"line":17,"column":14},"end":{"line":17,"column":51}},"6":{"start":{"line":18,"column":2},"end":{"line":18,"column":65}},"7":{"start":{"line":21,"column":0},"end":{"line":21,"column":56}},"8":{"start":{"line":21,"column":30},"end":{"line":21,"column":54}},"9":{"start":{"line":24,"column":25},"end":{"line":33,"column":1}},"10":{"start":{"line":35,"column":0},"end":{"line":35,"column":34}}},"fnMap":{"0":{"name":"(anonymous_0)","decl":{"start":{"line":8,"column":9},"end":{"line":8,"column":10}},"loc":{"start":{"line":8,"column":22},"end":{"line":8,"column":42}},"line":8},"1":{"name":"(anonymous_1)","decl":{"start":{"line":16,"column":13},"end":{"line":16,"column":14}},"loc":{"start":{"line":16,"column":19},"end":{"line":19,"column":1}},"line":16},"2":{"name":"(anonymous_2)","decl":{"start":{"line":21,"column":21},"end":{"line":21,"column":22}},"loc":{"start":{"line":21,"column":30},"end":{"line":21,"column":54}},"line":21}},"branchMap":{"0":{"loc":{"start":{"line":17,"column":14},"end":{"line":17,"column":51}},"type":"binary-expr","locations":[{"start":{"line":17,"column":14},"end":{"line":17,"column":34}},{"start":{"line":17,"column":38},"end":{"line":17,"column":51}}],"line":17},"1":{"loc":{"start":{"line":18,"column":9},"end":{"line":18,"column":64}},"type":"cond-expr","locations":[{"start":{"line":18,"column":52},"end":{"line":18,"column":57}},{"start":{"line":18,"column":60},"end":{"line":18,"column":64}}],"line":18},"2":{"loc":{"start":{"line":18,"column":9},"end":{"line":18,"column":49}},"type":"binary-expr","locations":[{"start":{"line":18,"column":9},"end":{"line":18,"column":24}},{"start":{"line":18,"column":28},"end":{"line":18,"column":49}}],"line":18}},"s":{"0":4,"1":4,"2":4,"3":0,"4":4,"5":118,"6":118,"7":4,"8":0,"9":4,"10":4},"f":{"0":0,"1":118,"2":0},"b":{"0":[118,0],"1":[0,118],"2":[118,118]},"_coverageSchema":"1a1c01bbd47fc00a2c39e90264f33305004495a9","hash":"2788a3a843d946c1542475598116b57d9394de6d"}
,"/Users/dylan/Code/web/uni-project/src/config/passport.js": {"path":"/Users/dylan/Code/web/uni-project/src/config/passport.js","statementMap":{"0":{"start":{"line":1,"column":17},"end":{"line":1,"column":36}},"1":{"start":{"line":2,"column":22},"end":{"line":2,"column":56}},"2":{"start":{"line":3,"column":13},"end":{"line":3,"column":38}},"3":{"start":{"line":5,"column":21},"end":{"line":17,"column":1}},"4":{"start":{"line":6,"column":2},"end":{"line":16,"column":3}},"5":{"start":{"line":7,"column":17},"end":{"line":7,"column":56}},"6":{"start":{"line":8,"column":4},"end":{"line":8,"column":40}},"7":{"start":{"line":8,"column":15},"end":{"line":8,"column":40}},"8":{"start":{"line":9,"column":20},"end":{"line":9,"column":56}},"9":{"start":{"line":10,"column":4},"end":{"line":10,"column":43}},"10":{"start":{"line":10,"column":18},"end":{"line":10,"column":43}},"11":{"start":{"line":11,"column":23},"end":{"line":11,"column":36}},"12":{"start":{"line":12,"column":4},"end":{"line":12,"column":46}},"13":{"start":{"line":12,"column":21},"end":{"line":12,"column":46}},"14":{"start":{"line":13,"column":4},"end":{"line":13,"column":28}},"15":{"start":{"line":15,"column":4},"end":{"line":15,"column":14}},"16":{"start":{"line":19,"column":17},"end":{"line":22,"column":1}},"17":{"start":{"line":24,"column":0},"end":{"line":24,"column":23}},"18":{"start":{"line":27,"column":0},"end":{"line":29,"column":3}},"19":{"start":{"line":28,"column":2},"end":{"line":28,"column":23}},"20":{"start":{"line":32,"column":0},"end":{"line":39,"column":3}},"21":{"start":{"line":33,"column":2},"end":{"line":38,"column":3}},"22":{"start":{"line":34,"column":17},"end":{"line":34,"column":44}},"23":{"start":{"line":35,"column":4},"end":{"line":35,"column":21}},"24":{"start":{"line":37,"column":4},"end":{"line":37,"column":20}}},"fnMap":{"0":{"name":"(anonymous_0)","decl":{"start":{"line":5,"column":21},"end":{"line":5,"column":22}},"loc":{"start":{"line":5,"column":57},"end":{"line":17,"column":1}},"line":5},"1":{"name":"(anonymous_1)","decl":{"start":{"line":27,"column":23},"end":{"line":27,"column":24}},"loc":{"start":{"line":27,"column":39},"end":{"line":29,"column":1}},"line":27},"2":{"name":"(anonymous_2)","decl":{"start":{"line":32,"column":25},"end":{"line":32,"column":26}},"loc":{"start":{"line":32,"column":49},"end":{"line":39,"column":1}},"line":32}},"branchMap":{"0":{"loc":{"start":{"line":8,"column":4},"end":{"line":8,"column":40}},"type":"if","locations":[{"start":{"line":8,"column":4},"end":{"line":8,"column":40}},{"start":{},"end":{}}],"line":8},"1":{"loc":{"start":{"line":10,"column":4},"end":{"line":10,"column":43}},"type":"if","locations":[{"start":{"line":10,"column":4},"end":{"line":10,"column":43}},{"start":{},"end":{}}],"line":10},"2":{"loc":{"start":{"line":12,"column":4},"end":{"line":12,"column":46}},"type":"if","locations":[{"start":{"line":12,"column":4},"end":{"line":12,"column":46}},{"start":{},"end":{}}],"line":12}},"s":{"0":4,"1":4,"2":4,"3":4,"4":49,"5":49,"6":49,"7":1,"8":48,"9":48,"10":1,"11":47,"12":47,"13":0,"14":47,"15":0,"16":4,"17":4,"18":4,"19":47,"20":4,"21":45,"22":45,"23":45,"24":0},"f":{"0":49,"1":47,"2":45},"b":{"0":[1,48],"1":[1,47],"2":[0,47]},"_coverageSchema":"1a1c01bbd47fc00a2c39e90264f33305004495a9","hash":"9f8c3938a06f8833250ffecfe17e106dcc2ae9cc"}
,"/Users/dylan/Code/web/uni-project/src/config/redis.js": {"path":"/Users/dylan/Code/web/uni-project/src/config/redis.js","statementMap":{"0":{"start":{"line":1,"column":14},"end":{"line":1,"column":30}},"1":{"start":{"line":3,"column":0},"end":{"line":3,"column":27}},"2":{"start":{"line":6,"column":25},"end":{"line":8,"column":1}},"3":{"start":{"line":7,"column":2},"end":{"line":7,"column":78}},"4":{"start":{"line":10,"column":0},"end":{"line":10,"column":34}}},"fnMap":{"0":{"name":"(anonymous_0)","decl":{"start":{"line":6,"column":25},"end":{"line":6,"column":26}},"loc":{"start":{"line":6,"column":31},"end":{"line":8,"column":1}},"line":6}},"branchMap":{},"s":{"0":4,"1":4,"2":4,"3":4,"4":4},"f":{"0":4},"b":{},"_coverageSchema":"1a1c01bbd47fc00a2c39e90264f33305004495a9","hash":"99b566dec06f3458ac38ef01e2436fced09b28b2"}
,"/Users/dylan/Code/web/uni-project/src/config/resourceTypes.js": {"path":"/Users/dylan/Code/web/uni-project/src/config/resourceTypes.js","statementMap":{"0":{"start":{"line":1,"column":0},"end":{"line":5,"column":2}}},"fnMap":{},"branchMap":{},"s":{"0":5},"f":{},"b":{},"_coverageSchema":"1a1c01bbd47fc00a2c39e90264f33305004495a9","hash":"2362a04c75708c3834d8fb865fecf568b2b67b96"}
,"/Users/dylan/Code/web/uni-project/src/config/roles.js": {"path":"/Users/dylan/Code/web/uni-project/src/config/roles.js","statementMap":{"0":{"start":{"line":1,"column":0},"end":{"line":4,"column":2}}},"fnMap":{},"branchMap":{},"s":{"0":7},"f":{},"b":{},"_coverageSchema":"1a1c01bbd47fc00a2c39e90264f33305004495a9","hash":"b6b2d9ea59aaeeb096767e6a03222ab3a63177e9"}
,"/Users/dylan/Code/web/uni-project/src/controllers/eventController.js": {"path":"/Users/dylan/Code/web/uni-project/src/controllers/eventController.js","statementMap":{"0":{"start":{"line":1,"column":14},"end":{"line":1,"column":40}},"1":{"start":{"line":2,"column":15},"end":{"line":2,"column":42}},"2":{"start":{"line":3,"column":36},"end":{"line":3,"column":65}},"3":{"start":{"line":11,"column":4},"end":{"line":11,"column":34}},"4":{"start":{"line":13,"column":25},"end":{"line":13,"column":56}},"5":{"start":{"line":19,"column":17},"end":{"line":26,"column":1}},"6":{"start":{"line":20,"column":13},"end":{"line":20,"column":26}},"7":{"start":{"line":21,"column":16},"end":{"line":21,"column":40}},"8":{"start":{"line":22,"column":2},"end":{"line":24,"column":3}},"9":{"start":{"line":23,"column":4},"end":{"line":23,"column":31}},"10":{"start":{"line":25,"column":2},"end":{"line":25,"column":30}},"11":{"start":{"line":28,"column":18},"end":{"line":31,"column":1}},"12":{"start":{"line":29,"column":17},"end":{"line":29,"column":37}},"13":{"start":{"line":30,"column":2},"end":{"line":30,"column":31}},"14":{"start":{"line":33,"column":20},"end":{"line":86,"column":1}},"15":{"start":{"line":35,"column":4},"end":{"line":35,"column":12}},"16":{"start":{"line":39,"column":2},"end":{"line":39,"column":61}},"17":{"start":{"line":39,"column":50},"end":{"line":39,"column":61}},"18":{"start":{"line":42,"column":2},"end":{"line":42,"column":73}},"19":{"start":{"line":42,"column":62},"end":{"line":42,"column":73}},"20":{"start":{"line":45,"column":2},"end":{"line":45,"column":67}},"21":{"start":{"line":45,"column":56},"end":{"line":45,"column":67}},"22":{"start":{"line":48,"column":2},"end":{"line":48,"column":67}},"23":{"start":{"line":48,"column":56},"end":{"line":48,"column":67}},"24":{"start":{"line":51,"column":2},"end":{"line":51,"column":75}},"25":{"start":{"line":51,"column":64},"end":{"line":51,"column":75}},"26":{"start":{"line":54,"column":2},"end":{"line":54,"column":77}},"27":{"start":{"line":54,"column":66},"end":{"line":54,"column":77}},"28":{"start":{"line":56,"column":15},"end":{"line":56,"column":17}},"29":{"start":{"line":58,"column":2},"end":{"line":66,"column":3}},"30":{"start":{"line":59,"column":17},"end":{"line":59,"column":25}},"31":{"start":{"line":60,"column":4},"end":{"line":60,"column":80}},"32":{"start":{"line":60,"column":15},"end":{"line":60,"column":80}},"33":{"start":{"line":61,"column":4},"end":{"line":61,"column":36}},"34":{"start":{"line":62,"column":4},"end":{"line":65,"column":79}},"35":{"start":{"line":63,"column":6},"end":{"line":65,"column":79}},"36":{"start":{"line":68,"column":16},"end":{"line":76,"column":4}},"37":{"start":{"line":78,"column":2},"end":{"line":85,"column":3}},"38":{"start":{"line":79,"column":4},"end":{"line":79,"column":23}},"39":{"start":{"line":81,"column":4},"end":{"line":81,"column":32}},"40":{"start":{"line":83,"column":4},"end":{"line":83,"column":20}},"41":{"start":{"line":84,"column":4},"end":{"line":84,"column":24}},"42":{"start":{"line":88,"column":20},"end":{"line":138,"column":1}},"43":{"start":{"line":90,"column":4},"end":{"line":90,"column":12}},"44":{"start":{"line":92,"column":22},"end":{"line":92,"column":57}},"45":{"start":{"line":96,"column":2},"end":{"line":96,"column":61}},"46":{"start":{"line":96,"column":50},"end":{"line":96,"column":61}},"47":{"start":{"line":99,"column":2},"end":{"line":99,"column":73}},"48":{"start":{"line":99,"column":62},"end":{"line":99,"column":73}},"49":{"start":{"line":102,"column":2},"end":{"line":102,"column":67}},"50":{"start":{"line":102,"column":56},"end":{"line":102,"column":67}},"51":{"start":{"line":105,"column":2},"end":{"line":105,"column":67}},"52":{"start":{"line":105,"column":56},"end":{"line":105,"column":67}},"53":{"start":{"line":108,"column":2},"end":{"line":108,"column":75}},"54":{"start":{"line":108,"column":64},"end":{"line":108,"column":75}},"55":{"start":{"line":111,"column":2},"end":{"line":111,"column":77}},"56":{"start":{"line":111,"column":66},"end":{"line":111,"column":77}},"57":{"start":{"line":113,"column":15},"end":{"line":113,"column":35}},"58":{"start":{"line":115,"column":2},"end":{"line":123,"column":3}},"59":{"start":{"line":116,"column":17},"end":{"line":116,"column":25}},"60":{"start":{"line":117,"column":4},"end":{"line":117,"column":80}},"61":{"start":{"line":117,"column":15},"end":{"line":117,"column":80}},"62":{"start":{"line":118,"column":4},"end":{"line":118,"column":59}},"63":{"start":{"line":119,"column":4},"end":{"line":122,"column":9}},"64":{"start":{"line":120,"column":6},"end":{"line":122,"column":9}},"65":{"start":{"line":125,"column":2},"end":{"line":137,"column":3}},"66":{"start":{"line":126,"column":4},"end":{"line":126,"column":32}},"67":{"start":{"line":127,"column":4},"end":{"line":127,"column":44}},"68":{"start":{"line":128,"column":4},"end":{"line":128,"column":38}},"69":{"start":{"line":129,"column":4},"end":{"line":129,"column":36}},"70":{"start":{"line":130,"column":4},"end":{"line":130,"column":48}},"71":{"start":{"line":131,"column":4},"end":{"line":131,"column":34}},"72":{"start":{"line":132,"column":4},"end":{"line":132,"column":31}},"73":{"start":{"line":133,"column":4},"end":{"line":133,"column":40}},"74":{"start":{"line":135,"column":4},"end":{"line":135,"column":20}},"75":{"start":{"line":136,"column":4},"end":{"line":136,"column":24}},"76":{"start":{"line":140,"column":20},"end":{"line":144,"column":1}},"77":{"start":{"line":141,"column":13},"end":{"line":141,"column":26}},"78":{"start":{"line":142,"column":2},"end":{"line":142,"column":36}},"79":{"start":{"line":143,"column":2},"end":{"line":143,"column":22}},"80":{"start":{"line":146,"column":0},"end":{"line":152,"column":2}}},"fnMap":{"0":{"name":"(anonymous_0)","decl":{"start":{"line":19,"column":17},"end":{"line":19,"column":18}},"loc":{"start":{"line":19,"column":37},"end":{"line":26,"column":1}},"line":19},"1":{"name":"(anonymous_1)","decl":{"start":{"line":28,"column":18},"end":{"line":28,"column":19}},"loc":{"start":{"line":28,"column":38},"end":{"line":31,"column":1}},"line":28},"2":{"name":"(anonymous_2)","decl":{"start":{"line":33,"column":20},"end":{"line":33,"column":21}},"loc":{"start":{"line":33,"column":40},"end":{"line":86,"column":1}},"line":33},"3":{"name":"(anonymous_3)","decl":{"start":{"line":88,"column":20},"end":{"line":88,"column":21}},"loc":{"start":{"line":88,"column":40},"end":{"line":138,"column":1}},"line":88},"4":{"name":"(anonymous_4)","decl":{"start":{"line":140,"column":20},"end":{"line":140,"column":21}},"loc":{"start":{"line":140,"column":40},"end":{"line":144,"column":1}},"line":140}},"branchMap":{"0":{"loc":{"start":{"line":22,"column":2},"end":{"line":24,"column":3}},"type":"if","locations":[{"start":{"line":22,"column":2},"end":{"line":24,"column":3}},{"start":{},"end":{}}],"line":22},"1":{"loc":{"start":{"line":39,"column":2},"end":{"line":39,"column":61}},"type":"if","locations":[{"start":{"line":39,"column":2},"end":{"line":39,"column":61}},{"start":{},"end":{}}],"line":39},"2":{"loc":{"start":{"line":42,"column":2},"end":{"line":42,"column":73}},"type":"if","locations":[{"start":{"line":42,"column":2},"end":{"line":42,"column":73}},{"start":{},"end":{}}],"line":42},"3":{"loc":{"start":{"line":45,"column":2},"end":{"line":45,"column":67}},"type":"if","locations":[{"start":{"line":45,"column":2},"end":{"line":45,"column":67}},{"start":{},"end":{}}],"line":45},"4":{"loc":{"start":{"line":48,"column":2},"end":{"line":48,"column":67}},"type":"if","locations":[{"start":{"line":48,"column":2},"end":{"line":48,"column":67}},{"start":{},"end":{}}],"line":48},"5":{"loc":{"start":{"line":51,"column":2},"end":{"line":51,"column":75}},"type":"if","locations":[{"start":{"line":51,"column":2},"end":{"line":51,"column":75}},{"start":{},"end":{}}],"line":51},"6":{"loc":{"start":{"line":54,"column":2},"end":{"line":54,"column":77}},"type":"if","locations":[{"start":{"line":54,"column":2},"end":{"line":54,"column":77}},{"start":{},"end":{}}],"line":54},"7":{"loc":{"start":{"line":58,"column":2},"end":{"line":66,"column":3}},"type":"if","locations":[{"start":{"line":58,"column":2},"end":{"line":66,"column":3}},{"start":{},"end":{}}],"line":58},"8":{"loc":{"start":{"line":60,"column":4},"end":{"line":60,"column":80}},"type":"if","locations":[{"start":{"line":60,"column":4},"end":{"line":60,"column":80}},{"start":{},"end":{}}],"line":60},"9":{"loc":{"start":{"line":62,"column":4},"end":{"line":65,"column":79}},"type":"if","locations":[{"start":{"line":62,"column":4},"end":{"line":65,"column":79}},{"start":{},"end":{}}],"line":62},"10":{"loc":{"start":{"line":96,"column":2},"end":{"line":96,"column":61}},"type":"if","locations":[{"start":{"line":96,"column":2},"end":{"line":96,"column":61}},{"start":{},"end":{}}],"line":96},"11":{"loc":{"start":{"line":99,"column":2},"end":{"line":99,"column":73}},"type":"if","locations":[{"start":{"line":99,"column":2},"end":{"line":99,"column":73}},{"start":{},"end":{}}],"line":99},"12":{"loc":{"start":{"line":102,"column":2},"end":{"line":102,"column":67}},"type":"if","locations":[{"start":{"line":102,"column":2},"end":{"line":102,"column":67}},{"start":{},"end":{}}],"line":102},"13":{"loc":{"start":{"line":105,"column":2},"end":{"line":105,"column":67}},"type":"if","locations":[{"start":{"line":105,"column":2},"end":{"line":105,"column":67}},{"start":{},"end":{}}],"line":105},"14":{"loc":{"start":{"line":108,"column":2},"end":{"line":108,"column":75}},"type":"if","locations":[{"start":{"line":108,"column":2},"end":{"line":108,"column":75}},{"start":{},"end":{}}],"line":108},"15":{"loc":{"start":{"line":111,"column":2},"end":{"line":111,"column":77}},"type":"if","locations":[{"start":{"line":111,"column":2},"end":{"line":111,"column":77}},{"start":{},"end":{}}],"line":111},"16":{"loc":{"start":{"line":115,"column":2},"end":{"line":123,"column":3}},"type":"if","locations":[{"start":{"line":115,"column":2},"end":{"line":123,"column":3}},{"start":{},"end":{}}],"line":115},"17":{"loc":{"start":{"line":117,"column":4},"end":{"line":117,"column":80}},"type":"if","locations":[{"start":{"line":117,"column":4},"end":{"line":117,"column":80}},{"start":{},"end":{}}],"line":117},"18":{"loc":{"start":{"line":119,"column":4},"end":{"line":122,"column":9}},"type":"if","locations":[{"start":{"line":119,"column":4},"end":{"line":122,"column":9}},{"start":{},"end":{}}],"line":119}},"s":{"0":4,"1":4,"2":4,"3":4,"4":4,"5":4,"6":3,"7":3,"8":3,"9":0,"10":3,"11":4,"12":3,"13":3,"14":4,"15":2,"16":2,"17":1,"18":1,"19":0,"20":1,"21":0,"22":1,"23":0,"24":1,"25":0,"26":1,"27":0,"28":1,"29":1,"30":0,"31":0,"32":0,"33":0,"34":0,"35":0,"36":1,"37":1,"38":1,"39":1,"40":0,"41":0,"42":4,"43":2,"44":2,"45":2,"46":1,"47":1,"48":0,"49":1,"50":0,"51":1,"52":0,"53":1,"54":0,"55":1,"56":0,"57":1,"58":1,"59":0,"60":0,"61":0,"62":0,"63":0,"64":0,"65":1,"66":1,"67":1,"68":1,"69":1,"70":1,"71":1,"72":1,"73":1,"74":0,"75":0,"76":4,"77":2,"78":2,"79":2,"80":4},"f":{"0":3,"1":3,"2":2,"3":2,"4":2},"b":{"0":[0,3],"1":[1,1],"2":[0,1],"3":[0,1],"4":[0,1],"5":[0,1],"6":[0,1],"7":[0,1],"8":[0,0],"9":[0,0],"10":[1,1],"11":[0,1],"12":[0,1],"13":[0,1],"14":[0,1],"15":[0,1],"16":[0,1],"17":[0,0],"18":[0,0]},"_coverageSchema":"1a1c01bbd47fc00a2c39e90264f33305004495a9","hash":"e8e289a1b3fa3dd51bdc4f79e8ce4f96c2aba981"}
,"/Users/dylan/Code/web/uni-project/src/controllers/resourceController.js": {"path":"/Users/dylan/Code/web/uni-project/src/controllers/resourceController.js","statementMap":{"0":{"start":{"line":1,"column":17},"end":{"line":1,"column":46}},"1":{"start":{"line":2,"column":22},"end":{"line":2,"column":56}},"2":{"start":{"line":3,"column":15},"end":{"line":3,"column":42}},"3":{"start":{"line":4,"column":48},"end":{"line":4,"column":77}},"4":{"start":{"line":10,"column":4},"end":{"line":10,"column":37}},"5":{"start":{"line":11,"column":22},"end":{"line":11,"column":55}},"6":{"start":{"line":12,"column":25},"end":{"line":12,"column":56}},"7":{"start":{"line":16,"column":20},"end":{"line":21,"column":1}},"8":{"start":{"line":17,"column":17},"end":{"line":17,"column":27}},"9":{"start":{"line":18,"column":19},"end":{"line":18,"column":46}},"10":{"start":{"line":19,"column":2},"end":{"line":19,"column":44}},"11":{"start":{"line":19,"column":17},"end":{"line":19,"column":44}},"12":{"start":{"line":20,"column":2},"end":{"line":20,"column":33}},"13":{"start":{"line":24,"column":21},"end":{"line":27,"column":1}},"14":{"start":{"line":25,"column":20},"end":{"line":25,"column":43}},"15":{"start":{"line":26,"column":2},"end":{"line":26,"column":34}},"16":{"start":{"line":35,"column":23},"end":{"line":83,"column":1}},"17":{"start":{"line":36,"column":47},"end":{"line":36,"column":55}},"18":{"start":{"line":37,"column":24},"end":{"line":37,"column":32}},"19":{"start":{"line":41,"column":2},"end":{"line":41,"column":61}},"20":{"start":{"line":41,"column":50},"end":{"line":41,"column":61}},"21":{"start":{"line":44,"column":2},"end":{"line":44,"column":73}},"22":{"start":{"line":44,"column":62},"end":{"line":44,"column":73}},"23":{"start":{"line":47,"column":2},"end":{"line":47,"column":75}},"24":{"start":{"line":47,"column":64},"end":{"line":47,"column":75}},"25":{"start":{"line":50,"column":2},"end":{"line":53,"column":3}},"26":{"start":{"line":51,"column":4},"end":{"line":52,"column":17}},"27":{"start":{"line":52,"column":6},"end":{"line":52,"column":17}},"28":{"start":{"line":55,"column":2},"end":{"line":66,"column":3}},"29":{"start":{"line":59,"column":17},"end":{"line":59,"column":25}},"30":{"start":{"line":60,"column":4},"end":{"line":60,"column":80}},"31":{"start":{"line":60,"column":15},"end":{"line":60,"column":80}},"32":{"start":{"line":61,"column":4},"end":{"line":61,"column":41}},"33":{"start":{"line":62,"column":4},"end":{"line":65,"column":79}},"34":{"start":{"line":63,"column":6},"end":{"line":65,"column":79}},"35":{"start":{"line":68,"column":19},"end":{"line":74,"column":4}},"36":{"start":{"line":76,"column":2},"end":{"line":82,"column":3}},"37":{"start":{"line":77,"column":4},"end":{"line":77,"column":26}},"38":{"start":{"line":78,"column":4},"end":{"line":78,"column":35}},"39":{"start":{"line":80,"column":4},"end":{"line":80,"column":32}},"40":{"start":{"line":81,"column":4},"end":{"line":81,"column":12}},"41":{"start":{"line":85,"column":23},"end":{"line":136,"column":1}},"42":{"start":{"line":86,"column":13},"end":{"line":86,"column":26}},"43":{"start":{"line":87,"column":19},"end":{"line":87,"column":46}},"44":{"start":{"line":88,"column":2},"end":{"line":88,"column":44}},"45":{"start":{"line":88,"column":17},"end":{"line":88,"column":44}},"46":{"start":{"line":89,"column":2},"end":{"line":89,"column":76}},"47":{"start":{"line":89,"column":49},"end":{"line":89,"column":76}},"48":{"start":{"line":91,"column":47},"end":{"line":91,"column":55}},"49":{"start":{"line":92,"column":24},"end":{"line":92,"column":32}},"50":{"start":{"line":96,"column":2},"end":{"line":96,"column":61}},"51":{"start":{"line":96,"column":50},"end":{"line":96,"column":61}},"52":{"start":{"line":99,"column":2},"end":{"line":99,"column":73}},"53":{"start":{"line":99,"column":62},"end":{"line":99,"column":73}},"54":{"start":{"line":102,"column":2},"end":{"line":102,"column":75}},"55":{"start":{"line":102,"column":64},"end":{"line":102,"column":75}},"56":{"start":{"line":105,"column":2},"end":{"line":108,"column":3}},"57":{"start":{"line":106,"column":4},"end":{"line":107,"column":17}},"58":{"start":{"line":107,"column":6},"end":{"line":107,"column":17}},"59":{"start":{"line":111,"column":2},"end":{"line":122,"column":3}},"60":{"start":{"line":112,"column":17},"end":{"line":112,"column":25}},"61":{"start":{"line":113,"column":4},"end":{"line":121,"column":5}},"62":{"start":{"line":114,"column":6},"end":{"line":114,"column":66}},"63":{"start":{"line":115,"column":6},"end":{"line":118,"column":11}},"64":{"start":{"line":116,"column":8},"end":{"line":118,"column":11}},"65":{"start":{"line":120,"column":6},"end":{"line":120,"column":41}},"66":{"start":{"line":124,"column":2},"end":{"line":124,"column":25}},"67":{"start":{"line":125,"column":2},"end":{"line":125,"column":37}},"68":{"start":{"line":126,"column":2},"end":{"line":126,"column":39}},"69":{"start":{"line":127,"column":2},"end":{"line":127,"column":37}},"70":{"start":{"line":129,"column":2},"end":{"line":135,"column":3}},"71":{"start":{"line":130,"column":4},"end":{"line":130,"column":26}},"72":{"start":{"line":131,"column":4},"end":{"line":131,"column":35}},"73":{"start":{"line":133,"column":4},"end":{"line":133,"column":32}},"74":{"start":{"line":134,"column":4},"end":{"line":134,"column":24}},"75":{"start":{"line":138,"column":23},"end":{"line":147,"column":1}},"76":{"start":{"line":139,"column":13},"end":{"line":139,"column":26}},"77":{"start":{"line":140,"column":19},"end":{"line":140,"column":46}},"78":{"start":{"line":141,"column":2},"end":{"line":141,"column":44}},"79":{"start":{"line":141,"column":17},"end":{"line":141,"column":44}},"80":{"start":{"line":142,"column":2},"end":{"line":142,"column":76}},"81":{"start":{"line":142,"column":49},"end":{"line":142,"column":76}},"82":{"start":{"line":143,"column":2},"end":{"line":144,"column":43}},"83":{"start":{"line":144,"column":4},"end":{"line":144,"column":43}},"84":{"start":{"line":145,"column":2},"end":{"line":145,"column":26}},"85":{"start":{"line":146,"column":2},"end":{"line":146,"column":22}},"86":{"start":{"line":149,"column":0},"end":{"line":155,"column":2}}},"fnMap":{"0":{"name":"(anonymous_0)","decl":{"start":{"line":16,"column":20},"end":{"line":16,"column":21}},"loc":{"start":{"line":16,"column":40},"end":{"line":21,"column":1}},"line":16},"1":{"name":"(anonymous_1)","decl":{"start":{"line":24,"column":21},"end":{"line":24,"column":22}},"loc":{"start":{"line":24,"column":41},"end":{"line":27,"column":1}},"line":24},"2":{"name":"(anonymous_2)","decl":{"start":{"line":35,"column":23},"end":{"line":35,"column":24}},"loc":{"start":{"line":35,"column":43},"end":{"line":83,"column":1}},"line":35},"3":{"name":"(anonymous_3)","decl":{"start":{"line":85,"column":23},"end":{"line":85,"column":24}},"loc":{"start":{"line":85,"column":43},"end":{"line":136,"column":1}},"line":85},"4":{"name":"(anonymous_4)","decl":{"start":{"line":138,"column":23},"end":{"line":138,"column":24}},"loc":{"start":{"line":138,"column":43},"end":{"line":147,"column":1}},"line":138}},"branchMap":{"0":{"loc":{"start":{"line":19,"column":2},"end":{"line":19,"column":44}},"type":"if","locations":[{"start":{"line":19,"column":2},"end":{"line":19,"column":44}},{"start":{},"end":{}}],"line":19},"1":{"loc":{"start":{"line":41,"column":2},"end":{"line":41,"column":61}},"type":"if","locations":[{"start":{"line":41,"column":2},"end":{"line":41,"column":61}},{"start":{},"end":{}}],"line":41},"2":{"loc":{"start":{"line":44,"column":2},"end":{"line":44,"column":73}},"type":"if","locations":[{"start":{"line":44,"column":2},"end":{"line":44,"column":73}},{"start":{},"end":{}}],"line":44},"3":{"loc":{"start":{"line":47,"column":2},"end":{"line":47,"column":75}},"type":"if","locations":[{"start":{"line":47,"column":2},"end":{"line":47,"column":75}},{"start":{},"end":{}}],"line":47},"4":{"loc":{"start":{"line":50,"column":2},"end":{"line":53,"column":3}},"type":"if","locations":[{"start":{"line":50,"column":2},"end":{"line":53,"column":3}},{"start":{},"end":{}}],"line":50},"5":{"loc":{"start":{"line":51,"column":4},"end":{"line":52,"column":17}},"type":"if","locations":[{"start":{"line":51,"column":4},"end":{"line":52,"column":17}},{"start":{},"end":{}}],"line":51},"6":{"loc":{"start":{"line":55,"column":2},"end":{"line":66,"column":3}},"type":"if","locations":[{"start":{"line":55,"column":2},"end":{"line":66,"column":3}},{"start":{},"end":{}}],"line":55},"7":{"loc":{"start":{"line":56,"column":4},"end":{"line":57,"column":42}},"type":"binary-expr","locations":[{"start":{"line":56,"column":4},"end":{"line":56,"column":42}},{"start":{"line":57,"column":4},"end":{"line":57,"column":42}}],"line":56},"8":{"loc":{"start":{"line":60,"column":4},"end":{"line":60,"column":80}},"type":"if","locations":[{"start":{"line":60,"column":4},"end":{"line":60,"column":80}},{"start":{},"end":{}}],"line":60},"9":{"loc":{"start":{"line":62,"column":4},"end":{"line":65,"column":79}},"type":"if","locations":[{"start":{"line":62,"column":4},"end":{"line":65,"column":79}},{"start":{},"end":{}}],"line":62},"10":{"loc":{"start":{"line":88,"column":2},"end":{"line":88,"column":44}},"type":"if","locations":[{"start":{"line":88,"column":2},"end":{"line":88,"column":44}},{"start":{},"end":{}}],"line":88},"11":{"loc":{"start":{"line":89,"column":2},"end":{"line":89,"column":76}},"type":"if","locations":[{"start":{"line":89,"column":2},"end":{"line":89,"column":76}},{"start":{},"end":{}}],"line":89},"12":{"loc":{"start":{"line":96,"column":2},"end":{"line":96,"column":61}},"type":"if","locations":[{"start":{"line":96,"column":2},"end":{"line":96,"column":61}},{"start":{},"end":{}}],"line":96},"13":{"loc":{"start":{"line":99,"column":2},"end":{"line":99,"column":73}},"type":"if","locations":[{"start":{"line":99,"column":2},"end":{"line":99,"column":73}},{"start":{},"end":{}}],"line":99},"14":{"loc":{"start":{"line":102,"column":2},"end":{"line":102,"column":75}},"type":"if","locations":[{"start":{"line":102,"column":2},"end":{"line":102,"column":75}},{"start":{},"end":{}}],"line":102},"15":{"loc":{"start":{"line":105,"column":2},"end":{"line":108,"column":3}},"type":"if","locations":[{"start":{"line":105,"column":2},"end":{"line":108,"column":3}},{"start":{},"end":{}}],"line":105},"16":{"loc":{"start":{"line":106,"column":4},"end":{"line":107,"column":17}},"type":"if","locations":[{"start":{"line":106,"column":4},"end":{"line":107,"column":17}},{"start":{},"end":{}}],"line":106},"17":{"loc":{"start":{"line":111,"column":2},"end":{"line":122,"column":3}},"type":"if","locations":[{"start":{"line":111,"column":2},"end":{"line":122,"column":3}},{"start":{},"end":{}}],"line":111},"18":{"loc":{"start":{"line":113,"column":4},"end":{"line":121,"column":5}},"type":"if","locations":[{"start":{"line":113,"column":4},"end":{"line":121,"column":5}},{"start":{"line":119,"column":11},"end":{"line":121,"column":5}}],"line":113},"19":{"loc":{"start":{"line":115,"column":6},"end":{"line":118,"column":11}},"type":"if","locations":[{"start":{"line":115,"column":6},"end":{"line":118,"column":11}},{"start":{},"end":{}}],"line":115},"20":{"loc":{"start":{"line":141,"column":2},"end":{"line":141,"column":44}},"type":"if","locations":[{"start":{"line":141,"column":2},"end":{"line":141,"column":44}},{"start":{},"end":{}}],"line":141},"21":{"loc":{"start":{"line":142,"column":2},"end":{"line":142,"column":76}},"type":"if","locations":[{"start":{"line":142,"column":2},"end":{"line":142,"column":76}},{"start":{},"end":{}}],"line":142},"22":{"loc":{"start":{"line":143,"column":2},"end":{"line":144,"column":43}},"type":"if","locations":[{"start":{"line":143,"column":2},"end":{"line":144,"column":43}},{"start":{},"end":{}}],"line":143}},"s":{"0":4,"1":4,"2":4,"3":4,"4":4,"5":4,"6":4,"7":4,"8":4,"9":4,"10":3,"11":1,"12":2,"13":4,"14":2,"15":2,"16":4,"17":3,"18":3,"19":3,"20":0,"21":3,"22":0,"23":3,"24":1,"25":2,"26":2,"27":0,"28":2,"29":0,"30":0,"31":0,"32":0,"33":0,"34":0,"35":2,"36":2,"37":2,"38":2,"39":0,"40":0,"41":4,"42":4,"43":4,"44":4,"45":0,"46":4,"47":1,"48":3,"49":3,"50":3,"51":1,"52":2,"53":0,"54":2,"55":0,"56":2,"57":2,"58":0,"59":2,"60":0,"61":0,"62":0,"63":0,"64":0,"65":0,"66":2,"67":2,"68":2,"69":2,"70":2,"71":2,"72":2,"73":0,"74":0,"75":4,"76":4,"77":4,"78":4,"79":1,"80":3,"81":1,"82":2,"83":0,"84":2,"85":2,"86":4},"f":{"0":4,"1":2,"2":3,"3":4,"4":4},"b":{"0":[1,2],"1":[0,3],"2":[0,3],"3":[1,2],"4":[2,0],"5":[0,2],"6":[0,2],"7":[2,0],"8":[0,0],"9":[0,0],"10":[0,4],"11":[1,3],"12":[1,2],"13":[0,2],"14":[0,2],"15":[2,0],"16":[0,2],"17":[0,2],"18":[0,0],"19":[0,0],"20":[1,3],"21":[1,2],"22":[0,2]},"_coverageSchema":"1a1c01bbd47fc00a2c39e90264f33305004495a9","hash":"dc1621922808d2ce085e8989a1fbb49551d0048d"}
,"/Users/dylan/Code/web/uni-project/src/controllers/statsController.js": {"path":"/Users/dylan/Code/web/uni-project/src/controllers/statsController.js","statementMap":{"0":{"start":{"line":1,"column":14},"end":{"line":1,"column":40}},"1":{"start":{"line":2,"column":30},"end":{"line":2,"column":49}},"2":{"start":{"line":3,"column":15},"end":{"line":3,"column":42}},"3":{"start":{"line":5,"column":22},"end":{"line":11,"column":1}},"4":{"start":{"line":6,"column":15},"end":{"line":9,"column":4}},"5":{"start":{"line":10,"column":2},"end":{"line":10,"column":39}},"6":{"start":{"line":13,"column":22},"end":{"line":20,"column":1}},"7":{"start":{"line":14,"column":18},"end":{"line":17,"column":4}},"8":{"start":{"line":18,"column":2},"end":{"line":18,"column":23}},"9":{"start":{"line":19,"column":2},"end":{"line":19,"column":17}},"10":{"start":{"line":22,"column":23},"end":{"line":26,"column":1}},"11":{"start":{"line":23,"column":15},"end":{"line":23,"column":36}},"12":{"start":{"line":24,"column":2},"end":{"line":24,"column":30}},"13":{"start":{"line":25,"column":2},"end":{"line":25,"column":20}},"14":{"start":{"line":28,"column":23},"end":{"line":32,"column":1}},"15":{"start":{"line":29,"column":15},"end":{"line":29,"column":36}},"16":{"start":{"line":30,"column":2},"end":{"line":30,"column":30}},"17":{"start":{"line":31,"column":2},"end":{"line":31,"column":20}},"18":{"start":{"line":34,"column":27},"end":{"line":38,"column":1}},"19":{"start":{"line":35,"column":15},"end":{"line":35,"column":36}},"20":{"start":{"line":36,"column":2},"end":{"line":36,"column":38}},"21":{"start":{"line":37,"column":2},"end":{"line":37,"column":20}},"22":{"start":{"line":40,"column":24},"end":{"line":44,"column":1}},"23":{"start":{"line":41,"column":15},"end":{"line":41,"column":36}},"24":{"start":{"line":42,"column":2},"end":{"line":42,"column":32}},"25":{"start":{"line":43,"column":2},"end":{"line":43,"column":20}},"26":{"start":{"line":46,"column":17},"end":{"line":49,"column":1}},"27":{"start":{"line":47,"column":16},"end":{"line":47,"column":37}},"28":{"start":{"line":48,"column":2},"end":{"line":48,"column":18}},"29":{"start":{"line":51,"column":31},"end":{"line":59,"column":1}},"30":{"start":{"line":52,"column":2},"end":{"line":58,"column":3}},"31":{"start":{"line":53,"column":4},"end":{"line":53,"column":27}},"32":{"start":{"line":54,"column":4},"end":{"line":54,"column":24}},"33":{"start":{"line":56,"column":4},"end":{"line":56,"column":24}},"34":{"start":{"line":57,"column":4},"end":{"line":57,"column":16}},"35":{"start":{"line":61,"column":31},"end":{"line":69,"column":1}},"36":{"start":{"line":62,"column":2},"end":{"line":68,"column":3}},"37":{"start":{"line":63,"column":4},"end":{"line":63,"column":27}},"38":{"start":{"line":64,"column":4},"end":{"line":64,"column":24}},"39":{"start":{"line":66,"column":4},"end":{"line":66,"column":24}},"40":{"start":{"line":67,"column":4},"end":{"line":67,"column":16}},"41":{"start":{"line":71,"column":35},"end":{"line":79,"column":1}},"42":{"start":{"line":72,"column":2},"end":{"line":78,"column":3}},"43":{"start":{"line":73,"column":4},"end":{"line":73,"column":31}},"44":{"start":{"line":74,"column":4},"end":{"line":74,"column":24}},"45":{"start":{"line":76,"column":4},"end":{"line":76,"column":24}},"46":{"start":{"line":77,"column":4},"end":{"line":77,"column":16}},"47":{"start":{"line":81,"column":32},"end":{"line":89,"column":1}},"48":{"start":{"line":82,"column":2},"end":{"line":88,"column":3}},"49":{"start":{"line":83,"column":4},"end":{"line":83,"column":28}},"50":{"start":{"line":84,"column":4},"end":{"line":84,"column":24}},"51":{"start":{"line":86,"column":4},"end":{"line":86,"column":24}},"52":{"start":{"line":87,"column":4},"end":{"line":87,"column":16}},"53":{"start":{"line":91,"column":0},"end":{"line":101,"column":2}}},"fnMap":{"0":{"name":"(anonymous_0)","decl":{"start":{"line":5,"column":22},"end":{"line":5,"column":23}},"loc":{"start":{"line":5,"column":34},"end":{"line":11,"column":1}},"line":5},"1":{"name":"(anonymous_1)","decl":{"start":{"line":13,"column":22},"end":{"line":13,"column":23}},"loc":{"start":{"line":13,"column":34},"end":{"line":20,"column":1}},"line":13},"2":{"name":"(anonymous_2)","decl":{"start":{"line":22,"column":23},"end":{"line":22,"column":24}},"loc":{"start":{"line":22,"column":35},"end":{"line":26,"column":1}},"line":22},"3":{"name":"(anonymous_3)","decl":{"start":{"line":28,"column":23},"end":{"line":28,"column":24}},"loc":{"start":{"line":28,"column":35},"end":{"line":32,"column":1}},"line":28},"4":{"name":"(anonymous_4)","decl":{"start":{"line":34,"column":27},"end":{"line":34,"column":28}},"loc":{"start":{"line":34,"column":39},"end":{"line":38,"column":1}},"line":34},"5":{"name":"(anonymous_5)","decl":{"start":{"line":40,"column":24},"end":{"line":40,"column":25}},"loc":{"start":{"line":40,"column":36},"end":{"line":44,"column":1}},"line":40},"6":{"name":"(anonymous_6)","decl":{"start":{"line":46,"column":17},"end":{"line":46,"column":18}},"loc":{"start":{"line":46,"column":37},"end":{"line":49,"column":1}},"line":46},"7":{"name":"(anonymous_7)","decl":{"start":{"line":51,"column":31},"end":{"line":51,"column":32}},"loc":{"start":{"line":51,"column":51},"end":{"line":59,"column":1}},"line":51},"8":{"name":"(anonymous_8)","decl":{"start":{"line":61,"column":31},"end":{"line":61,"column":32}},"loc":{"start":{"line":61,"column":51},"end":{"line":69,"column":1}},"line":61},"9":{"name":"(anonymous_9)","decl":{"start":{"line":71,"column":35},"end":{"line":71,"column":36}},"loc":{"start":{"line":71,"column":55},"end":{"line":79,"column":1}},"line":71},"10":{"name":"(anonymous_10)","decl":{"start":{"line":81,"column":32},"end":{"line":81,"column":33}},"loc":{"start":{"line":81,"column":52},"end":{"line":89,"column":1}},"line":81}},"branchMap":{"0":{"loc":{"start":{"line":10,"column":9},"end":{"line":10,"column":38}},"type":"cond-expr","locations":[{"start":{"line":10,"column":16},"end":{"line":10,"column":20}},{"start":{"line":10,"column":23},"end":{"line":10,"column":38}}],"line":10}},"s":{"0":4,"1":4,"2":4,"3":4,"4":9,"5":9,"6":4,"7":5,"8":5,"9":5,"10":4,"11":1,"12":1,"13":1,"14":4,"15":1,"16":1,"17":1,"18":4,"19":1,"20":1,"21":1,"22":4,"23":1,"24":1,"25":1,"26":4,"27":5,"28":5,"29":4,"30":1,"31":1,"32":1,"33":0,"34":0,"35":4,"36":1,"37":1,"38":1,"39":0,"40":0,"41":4,"42":1,"43":1,"44":1,"45":0,"46":0,"47":4,"48":1,"49":1,"50":1,"51":0,"52":0,"53":4},"f":{"0":9,"1":5,"2":1,"3":1,"4":1,"5":1,"6":5,"7":1,"8":1,"9":1,"10":1},"b":{"0":[4,5]},"_coverageSchema":"1a1c01bbd47fc00a2c39e90264f33305004495a9","hash":"88691359252ac66502beaea3305e36293ceef8fc"}
,"/Users/dylan/Code/web/uni-project/src/controllers/userController.js": {"path":"/Users/dylan/Code/web/uni-project/src/controllers/userController.js","statementMap":{"0":{"start":{"line":1,"column":13},"end":{"line":1,"column":38}},"1":{"start":{"line":2,"column":15},"end":{"line":2,"column":42}},"2":{"start":{"line":3,"column":22},"end":{"line":3,"column":55}},"3":{"start":{"line":8,"column":4},"end":{"line":8,"column":33}},"4":{"start":{"line":9,"column":35},"end":{"line":9,"column":66}},"5":{"start":{"line":11,"column":16},"end":{"line":22,"column":1}},"6":{"start":{"line":12,"column":17},"end":{"line":12,"column":27}},"7":{"start":{"line":14,"column":2},"end":{"line":14,"column":63}},"8":{"start":{"line":14,"column":36},"end":{"line":14,"column":63}},"9":{"start":{"line":16,"column":15},"end":{"line":16,"column":38}},"10":{"start":{"line":17,"column":2},"end":{"line":21,"column":3}},"11":{"start":{"line":18,"column":4},"end":{"line":18,"column":19}},"12":{"start":{"line":20,"column":4},"end":{"line":20,"column":59}},"13":{"start":{"line":24,"column":17},"end":{"line":27,"column":1}},"14":{"start":{"line":25,"column":16},"end":{"line":25,"column":35}},"15":{"start":{"line":26,"column":2},"end":{"line":26,"column":18}},"16":{"start":{"line":29,"column":20},"end":{"line":40,"column":1}},"17":{"start":{"line":30,"column":2},"end":{"line":30,"column":68}},"18":{"start":{"line":31,"column":13},"end":{"line":31,"column":26}},"19":{"start":{"line":32,"column":15},"end":{"line":32,"column":38}},"20":{"start":{"line":33,"column":2},"end":{"line":39,"column":3}},"21":{"start":{"line":34,"column":4},"end":{"line":34,"column":25}},"22":{"start":{"line":35,"column":4},"end":{"line":35,"column":22}},"23":{"start":{"line":36,"column":4},"end":{"line":36,"column":31}},"24":{"start":{"line":38,"column":4},"end":{"line":38,"column":59}},"25":{"start":{"line":42,"column":21},"end":{"line":64,"column":1}},"26":{"start":{"line":43,"column":2},"end":{"line":43,"column":55}},"27":{"start":{"line":44,"column":36},"end":{"line":44,"column":44}},"28":{"start":{"line":48,"column":2},"end":{"line":48,"column":59}},"29":{"start":{"line":48,"column":48},"end":{"line":48,"column":59}},"30":{"start":{"line":51,"column":2},"end":{"line":51,"column":65}},"31":{"start":{"line":51,"column":54},"end":{"line":51,"column":65}},"32":{"start":{"line":54,"column":2},"end":{"line":54,"column":67}},"33":{"start":{"line":54,"column":56},"end":{"line":54,"column":67}},"34":{"start":{"line":56,"column":15},"end":{"line":61,"column":4}},"35":{"start":{"line":63,"column":2},"end":{"line":63,"column":36}},"36":{"start":{"line":66,"column":19},"end":{"line":74,"column":1}},"37":{"start":{"line":67,"column":13},"end":{"line":67,"column":26}},"38":{"start":{"line":69,"column":2},"end":{"line":70,"column":58}},"39":{"start":{"line":70,"column":4},"end":{"line":70,"column":58}},"40":{"start":{"line":72,"column":2},"end":{"line":72,"column":35}},"41":{"start":{"line":73,"column":2},"end":{"line":73,"column":29}},"42":{"start":{"line":76,"column":17},"end":{"line":111,"column":1}},"43":{"start":{"line":77,"column":13},"end":{"line":77,"column":26}},"44":{"start":{"line":79,"column":2},"end":{"line":80,"column":58}},"45":{"start":{"line":80,"column":4},"end":{"line":80,"column":58}},"46":{"start":{"line":82,"column":32},"end":{"line":82,"column":40}},"47":{"start":{"line":83,"column":15},"end":{"line":83,"column":38}},"48":{"start":{"line":90,"column":2},"end":{"line":92,"column":3}},"49":{"start":{"line":91,"column":4},"end":{"line":91,"column":74}},"50":{"start":{"line":96,"column":2},"end":{"line":96,"column":59}},"51":{"start":{"line":96,"column":48},"end":{"line":96,"column":59}},"52":{"start":{"line":100,"column":2},"end":{"line":101,"column":67}},"53":{"start":{"line":101,"column":4},"end":{"line":101,"column":67}},"54":{"start":{"line":101,"column":56},"end":{"line":101,"column":67}},"55":{"start":{"line":104,"column":2},"end":{"line":104,"column":80}},"56":{"start":{"line":104,"column":53},"end":{"line":104,"column":80}},"57":{"start":{"line":106,"column":2},"end":{"line":106,"column":19}},"58":{"start":{"line":107,"column":2},"end":{"line":107,"column":21}},"59":{"start":{"line":108,"column":2},"end":{"line":108,"column":19}},"60":{"start":{"line":109,"column":2},"end":{"line":109,"column":20}},"61":{"start":{"line":110,"column":2},"end":{"line":110,"column":24}},"62":{"start":{"line":113,"column":14},"end":{"line":119,"column":1}},"63":{"start":{"line":114,"column":2},"end":{"line":118,"column":5}},"64":{"start":{"line":121,"column":15},"end":{"line":128,"column":1}},"65":{"start":{"line":122,"column":2},"end":{"line":126,"column":5}},"66":{"start":{"line":123,"column":4},"end":{"line":125,"column":5}},"67":{"start":{"line":124,"column":6},"end":{"line":124,"column":58}},"68":{"start":{"line":127,"column":2},"end":{"line":127,"column":37}},"69":{"start":{"line":130,"column":23},"end":{"line":139,"column":1}},"70":{"start":{"line":131,"column":2},"end":{"line":137,"column":3}},"71":{"start":{"line":132,"column":4},"end":{"line":136,"column":7}},"72":{"start":{"line":138,"column":2},"end":{"line":138,"column":80}},"73":{"start":{"line":141,"column":0},"end":{"line":151,"column":2}}},"fnMap":{"0":{"name":"(anonymous_0)","decl":{"start":{"line":11,"column":16},"end":{"line":11,"column":17}},"loc":{"start":{"line":11,"column":36},"end":{"line":22,"column":1}},"line":11},"1":{"name":"(anonymous_1)","decl":{"start":{"line":24,"column":17},"end":{"line":24,"column":18}},"loc":{"start":{"line":24,"column":37},"end":{"line":27,"column":1}},"line":24},"2":{"name":"(anonymous_2)","decl":{"start":{"line":29,"column":20},"end":{"line":29,"column":21}},"loc":{"start":{"line":29,"column":40},"end":{"line":40,"column":1}},"line":29},"3":{"name":"(anonymous_3)","decl":{"start":{"line":42,"column":21},"end":{"line":42,"column":22}},"loc":{"start":{"line":42,"column":41},"end":{"line":64,"column":1}},"line":42},"4":{"name":"(anonymous_4)","decl":{"start":{"line":66,"column":19},"end":{"line":66,"column":20}},"loc":{"start":{"line":66,"column":39},"end":{"line":74,"column":1}},"line":66},"5":{"name":"(anonymous_5)","decl":{"start":{"line":76,"column":17},"end":{"line":76,"column":18}},"loc":{"start":{"line":76,"column":37},"end":{"line":111,"column":1}},"line":76},"6":{"name":"(anonymous_6)","decl":{"start":{"line":113,"column":14},"end":{"line":113,"column":15}},"loc":{"start":{"line":113,"column":34},"end":{"line":119,"column":1}},"line":113},"7":{"name":"(anonymous_7)","decl":{"start":{"line":121,"column":15},"end":{"line":121,"column":16}},"loc":{"start":{"line":121,"column":35},"end":{"line":128,"column":1}},"line":121},"8":{"name":"(anonymous_8)","decl":{"start":{"line":122,"column":13},"end":{"line":122,"column":14}},"loc":{"start":{"line":122,"column":22},"end":{"line":126,"column":3}},"line":122},"9":{"name":"(anonymous_9)","decl":{"start":{"line":130,"column":23},"end":{"line":130,"column":24}},"loc":{"start":{"line":130,"column":43},"end":{"line":139,"column":1}},"line":130}},"branchMap":{"0":{"loc":{"start":{"line":14,"column":2},"end":{"line":14,"column":63}},"type":"if","locations":[{"start":{"line":14,"column":2},"end":{"line":14,"column":63}},{"start":{},"end":{}}],"line":14},"1":{"loc":{"start":{"line":17,"column":2},"end":{"line":21,"column":3}},"type":"if","locations":[{"start":{"line":17,"column":2},"end":{"line":21,"column":3}},{"start":{"line":19,"column":9},"end":{"line":21,"column":3}}],"line":17},"2":{"loc":{"start":{"line":33,"column":2},"end":{"line":39,"column":3}},"type":"if","locations":[{"start":{"line":33,"column":2},"end":{"line":39,"column":3}},{"start":{"line":37,"column":9},"end":{"line":39,"column":3}}],"line":33},"3":{"loc":{"start":{"line":48,"column":2},"end":{"line":48,"column":59}},"type":"if","locations":[{"start":{"line":48,"column":2},"end":{"line":48,"column":59}},{"start":{},"end":{}}],"line":48},"4":{"loc":{"start":{"line":51,"column":2},"end":{"line":51,"column":65}},"type":"if","locations":[{"start":{"line":51,"column":2},"end":{"line":51,"column":65}},{"start":{},"end":{}}],"line":51},"5":{"loc":{"start":{"line":54,"column":2},"end":{"line":54,"column":67}},"type":"if","locations":[{"start":{"line":54,"column":2},"end":{"line":54,"column":67}},{"start":{},"end":{}}],"line":54},"6":{"loc":{"start":{"line":69,"column":2},"end":{"line":70,"column":58}},"type":"if","locations":[{"start":{"line":69,"column":2},"end":{"line":70,"column":58}},{"start":{},"end":{}}],"line":69},"7":{"loc":{"start":{"line":79,"column":2},"end":{"line":80,"column":58}},"type":"if","locations":[{"start":{"line":79,"column":2},"end":{"line":80,"column":58}},{"start":{},"end":{}}],"line":79},"8":{"loc":{"start":{"line":90,"column":2},"end":{"line":92,"column":3}},"type":"if","locations":[{"start":{"line":90,"column":2},"end":{"line":92,"column":3}},{"start":{},"end":{}}],"line":90},"9":{"loc":{"start":{"line":96,"column":2},"end":{"line":96,"column":59}},"type":"if","locations":[{"start":{"line":96,"column":2},"end":{"line":96,"column":59}},{"start":{},"end":{}}],"line":96},"10":{"loc":{"start":{"line":100,"column":2},"end":{"line":101,"column":67}},"type":"if","locations":[{"start":{"line":100,"column":2},"end":{"line":101,"column":67}},{"start":{},"end":{}}],"line":100},"11":{"loc":{"start":{"line":101,"column":4},"end":{"line":101,"column":67}},"type":"if","locations":[{"start":{"line":101,"column":4},"end":{"line":101,"column":67}},{"start":{},"end":{}}],"line":101},"12":{"loc":{"start":{"line":104,"column":2},"end":{"line":104,"column":80}},"type":"if","locations":[{"start":{"line":104,"column":2},"end":{"line":104,"column":80}},{"start":{},"end":{}}],"line":104},"13":{"loc":{"start":{"line":104,"column":6},"end":{"line":104,"column":51}},"type":"binary-expr","locations":[{"start":{"line":104,"column":6},"end":{"line":104,"column":22}},{"start":{"line":104,"column":26},"end":{"line":104,"column":51}}],"line":104},"14":{"loc":{"start":{"line":123,"column":4},"end":{"line":125,"column":5}},"type":"if","locations":[{"start":{"line":123,"column":4},"end":{"line":125,"column":5}},{"start":{},"end":{}}],"line":123},"15":{"loc":{"start":{"line":131,"column":2},"end":{"line":137,"column":3}},"type":"if","locations":[{"start":{"line":131,"column":2},"end":{"line":137,"column":3}},{"start":{},"end":{}}],"line":131}},"s":{"0":4,"1":4,"2":4,"3":4,"4":4,"5":4,"6":5,"7":5,"8":2,"9":3,"10":3,"11":3,"12":0,"13":4,"14":1,"15":1,"16":4,"17":0,"18":0,"19":0,"20":0,"21":0,"22":0,"23":0,"24":0,"25":4,"26":2,"27":2,"28":2,"29":1,"30":1,"31":0,"32":1,"33":0,"34":1,"35":1,"36":4,"37":5,"38":5,"39":1,"40":4,"41":4,"42":4,"43":2,"44":2,"45":0,"46":2,"47":2,"48":2,"49":0,"50":2,"51":0,"52":2,"53":0,"54":0,"55":2,"56":0,"57":2,"58":2,"59":2,"60":2,"61":2,"62":4,"63":47,"64":4,"65":0,"66":0,"67":0,"68":0,"69":4,"70":0,"71":0,"72":0,"73":4},"f":{"0":5,"1":1,"2":0,"3":2,"4":5,"5":2,"6":47,"7":0,"8":0,"9":0},"b":{"0":[2,3],"1":[3,0],"2":[0,0],"3":[1,1],"4":[0,1],"5":[0,1],"6":[1,4],"7":[0,2],"8":[0,2],"9":[0,2],"10":[0,2],"11":[0,0],"12":[0,2],"13":[2,0],"14":[0,0],"15":[0,0]},"_coverageSchema":"1a1c01bbd47fc00a2c39e90264f33305004495a9","hash":"63d577468c4dabfdfef6620aa309dd11d153b426"}
,"/Users/dylan/Code/web/uni-project/src/middleware/auth.js": {"path":"/Users/dylan/Code/web/uni-project/src/middleware/auth.js","statementMap":{"0":{"start":{"line":8,"column":18},"end":{"line":22,"column":1}},"1":{"start":{"line":9,"column":2},"end":{"line":21,"column":4}},"2":{"start":{"line":10,"column":23},"end":{"line":10,"column":28}},"3":{"start":{"line":11,"column":4},"end":{"line":11,"column":60}},"4":{"start":{"line":11,"column":19},"end":{"line":11,"column":60}},"5":{"start":{"line":12,"column":4},"end":{"line":18,"column":5}},"6":{"start":{"line":13,"column":6},"end":{"line":17,"column":7}},"7":{"start":{"line":14,"column":8},"end":{"line":14,"column":15}},"8":{"start":{"line":15,"column":8},"end":{"line":15,"column":28}},"9":{"start":{"line":16,"column":8},"end":{"line":16,"column":14}},"10":{"start":{"line":20,"column":4},"end":{"line":20,"column":57}},"11":{"start":{"line":20,"column":23},"end":{"line":20,"column":57}},"12":{"start":{"line":24,"column":0},"end":{"line":24,"column":27}}},"fnMap":{"0":{"name":"(anonymous_0)","decl":{"start":{"line":8,"column":18},"end":{"line":8,"column":19}},"loc":{"start":{"line":8,"column":32},"end":{"line":22,"column":1}},"line":8},"1":{"name":"(anonymous_1)","decl":{"start":{"line":9,"column":9},"end":{"line":9,"column":10}},"loc":{"start":{"line":9,"column":29},"end":{"line":21,"column":3}},"line":9}},"branchMap":{"0":{"loc":{"start":{"line":11,"column":4},"end":{"line":11,"column":60}},"type":"if","locations":[{"start":{"line":11,"column":4},"end":{"line":11,"column":60}},{"start":{},"end":{}}],"line":11},"1":{"loc":{"start":{"line":13,"column":6},"end":{"line":17,"column":7}},"type":"if","locations":[{"start":{"line":13,"column":6},"end":{"line":17,"column":7}},{"start":{},"end":{}}],"line":13},"2":{"loc":{"start":{"line":20,"column":4},"end":{"line":20,"column":57}},"type":"if","locations":[{"start":{"line":20,"column":4},"end":{"line":20,"column":57}},{"start":{},"end":{}}],"line":20}},"s":{"0":4,"1":48,"2":46,"3":46,"4":11,"5":35,"6":43,"7":30,"8":30,"9":30,"10":35,"11":5,"12":4},"f":{"0":48,"1":46},"b":{"0":[11,35],"1":[30,13],"2":[5,30]},"_coverageSchema":"1a1c01bbd47fc00a2c39e90264f33305004495a9","hash":"00afb1bd569d1bcb6b538fc681e127ed3bded278"}
,"/Users/dylan/Code/web/uni-project/src/middleware/error.js": {"path":"/Users/dylan/Code/web/uni-project/src/middleware/error.js","statementMap":{"0":{"start":{"line":1,"column":15},"end":{"line":1,"column":42}},"1":{"start":{"line":2,"column":0},"end":{"line":2,"column":27}},"2":{"start":{"line":7,"column":21},"end":{"line":20,"column":1}},"3":{"start":{"line":8,"column":2},"end":{"line":9,"column":52}},"4":{"start":{"line":9,"column":4},"end":{"line":9,"column":52}},"5":{"start":{"line":11,"column":2},"end":{"line":19,"column":3}},"6":{"start":{"line":12,"column":4},"end":{"line":12,"column":73}},"7":{"start":{"line":13,"column":9},"end":{"line":19,"column":3}},"8":{"start":{"line":14,"column":4},"end":{"line":14,"column":60}},"9":{"start":{"line":15,"column":9},"end":{"line":19,"column":3}},"10":{"start":{"line":16,"column":4},"end":{"line":16,"column":74}},"11":{"start":{"line":18,"column":4},"end":{"line":18,"column":78}},"12":{"start":{"line":22,"column":0},"end":{"line":22,"column":30}}},"fnMap":{"0":{"name":"(anonymous_0)","decl":{"start":{"line":7,"column":21},"end":{"line":7,"column":22}},"loc":{"start":{"line":7,"column":48},"end":{"line":20,"column":1}},"line":7}},"branchMap":{"0":{"loc":{"start":{"line":8,"column":2},"end":{"line":9,"column":52}},"type":"if","locations":[{"start":{"line":8,"column":2},"end":{"line":9,"column":52}},{"start":{},"end":{}}],"line":8},"1":{"loc":{"start":{"line":11,"column":2},"end":{"line":19,"column":3}},"type":"if","locations":[{"start":{"line":11,"column":2},"end":{"line":19,"column":3}},{"start":{"line":13,"column":9},"end":{"line":19,"column":3}}],"line":11},"2":{"loc":{"start":{"line":13,"column":9},"end":{"line":19,"column":3}},"type":"if","locations":[{"start":{"line":13,"column":9},"end":{"line":19,"column":3}},{"start":{"line":15,"column":9},"end":{"line":19,"column":3}}],"line":13},"3":{"loc":{"start":{"line":15,"column":9},"end":{"line":19,"column":3}},"type":"if","locations":[{"start":{"line":15,"column":9},"end":{"line":19,"column":3}},{"start":{"line":17,"column":9},"end":{"line":19,"column":3}}],"line":15}},"s":{"0":4,"1":4,"2":4,"3":1,"4":0,"5":1,"6":1,"7":0,"8":0,"9":0,"10":0,"11":0,"12":4},"f":{"0":1},"b":{"0":[0,1],"1":[1,0],"2":[0,0],"3":[0,0]},"_coverageSchema":"1a1c01bbd47fc00a2c39e90264f33305004495a9","hash":"0d30c4a0680dcf32569eafbbd95f273a81b49456"}
,"/Users/dylan/Code/web/uni-project/src/middleware/upload.js": {"path":"/Users/dylan/Code/web/uni-project/src/middleware/upload.js","statementMap":{"0":{"start":{"line":1,"column":15},"end":{"line":1,"column":32}},"1":{"start":{"line":4,"column":15},"end":{"line":4,"column":48}},"2":{"start":{"line":6,"column":0},"end":{"line":6,"column":24}}},"fnMap":{},"branchMap":{},"s":{"0":4,"1":4,"2":4},"f":{},"b":{},"_coverageSchema":"1a1c01bbd47fc00a2c39e90264f33305004495a9","hash":"1e5ba663e079dcb3b8c8b35c3f7271a7e2ee5e59"}
,"/Users/dylan/Code/web/uni-project/src/models/Event.js": {"path":"/Users/dylan/Code/web/uni-project/src/models/Event.js","statementMap":{"0":{"start":{"line":1,"column":17},"end":{"line":1,"column":36}},"1":{"start":{"line":2,"column":19},"end":{"line":2,"column":50}},"2":{"start":{"line":4,"column":20},"end":{"line":32,"column":2}},"3":{"start":{"line":34,"column":0},"end":{"line":34,"column":54}}},"fnMap":{},"branchMap":{},"s":{"0":4,"1":4,"2":4,"3":4},"f":{},"b":{},"_coverageSchema":"1a1c01bbd47fc00a2c39e90264f33305004495a9","hash":"2433fbe859f00b866a07122d50fdb31f225cb972"}
,"/Users/dylan/Code/web/uni-project/src/models/Resource.js": {"path":"/Users/dylan/Code/web/uni-project/src/models/Resource.js","statementMap":{"0":{"start":{"line":1,"column":17},"end":{"line":1,"column":36}},"1":{"start":{"line":2,"column":22},"end":{"line":2,"column":56}},"2":{"start":{"line":4,"column":23},"end":{"line":30,"column":2}},"3":{"start":{"line":32,"column":0},"end":{"line":32,"column":60}}},"fnMap":{},"branchMap":{},"s":{"0":4,"1":4,"2":4,"3":4},"f":{},"b":{},"_coverageSchema":"1a1c01bbd47fc00a2c39e90264f33305004495a9","hash":"3ff7e7f1e1ab0d2d937fb488b949c2d868f331ad"}
,"/Users/dylan/Code/web/uni-project/src/models/Stats.js": {"path":"/Users/dylan/Code/web/uni-project/src/models/Stats.js","statementMap":{"0":{"start":{"line":1,"column":17},"end":{"line":1,"column":36}},"1":{"start":{"line":3,"column":20},"end":{"line":32,"column":2}},"2":{"start":{"line":34,"column":0},"end":{"line":34,"column":54}}},"fnMap":{},"branchMap":{},"s":{"0":4,"1":4,"2":4},"f":{},"b":{},"_coverageSchema":"1a1c01bbd47fc00a2c39e90264f33305004495a9","hash":"31d739d4f7c465faab214cfd249fe5cda0ae9778"}
,"/Users/dylan/Code/web/uni-project/src/models/User.js": {"path":"/Users/dylan/Code/web/uni-project/src/models/User.js","statementMap":{"0":{"start":{"line":1,"column":17},"end":{"line":1,"column":36}},"1":{"start":{"line":2,"column":15},"end":{"line":2,"column":32}},"2":{"start":{"line":3,"column":14},"end":{"line":3,"column":40}},"3":{"start":{"line":5,"column":19},"end":{"line":28,"column":2}},"4":{"start":{"line":30,"column":19},"end":{"line":30,"column":21}},"5":{"start":{"line":34,"column":0},"end":{"line":44,"column":3}},"6":{"start":{"line":35,"column":2},"end":{"line":43,"column":16}},"7":{"start":{"line":36,"column":17},"end":{"line":36,"column":21}},"8":{"start":{"line":37,"column":4},"end":{"line":42,"column":5}},"9":{"start":{"line":38,"column":29},"end":{"line":38,"column":73}},"10":{"start":{"line":39,"column":6},"end":{"line":39,"column":37}},"11":{"start":{"line":41,"column":6},"end":{"line":41,"column":23}},"12":{"start":{"line":43,"column":9},"end":{"line":43,"column":16}},"13":{"start":{"line":49,"column":0},"end":{"line":53,"column":2}},"14":{"start":{"line":50,"column":15},"end":{"line":50,"column":19}},"15":{"start":{"line":51,"column":21},"end":{"line":51,"column":66}},"16":{"start":{"line":52,"column":2},"end":{"line":52,"column":20}},"17":{"start":{"line":56,"column":0},"end":{"line":60,"column":2}},"18":{"start":{"line":57,"column":14},"end":{"line":57,"column":29}},"19":{"start":{"line":58,"column":2},"end":{"line":58,"column":22}},"20":{"start":{"line":59,"column":2},"end":{"line":59,"column":13}},"21":{"start":{"line":62,"column":0},"end":{"line":62,"column":52}}},"fnMap":{"0":{"name":"(anonymous_0)","decl":{"start":{"line":34,"column":23},"end":{"line":34,"column":24}},"loc":{"start":{"line":34,"column":45},"end":{"line":44,"column":1}},"line":34},"1":{"name":"(anonymous_1)","decl":{"start":{"line":49,"column":37},"end":{"line":49,"column":38}},"loc":{"start":{"line":49,"column":63},"end":{"line":53,"column":1}},"line":49},"2":{"name":"(anonymous_2)","decl":{"start":{"line":56,"column":28},"end":{"line":56,"column":29}},"loc":{"start":{"line":56,"column":40},"end":{"line":60,"column":1}},"line":56}},"branchMap":{"0":{"loc":{"start":{"line":35,"column":2},"end":{"line":43,"column":16}},"type":"if","locations":[{"start":{"line":35,"column":2},"end":{"line":43,"column":16}},{"start":{"line":43,"column":9},"end":{"line":43,"column":16}}],"line":35},"1":{"loc":{"start":{"line":35,"column":6},"end":{"line":35,"column":47}},"type":"binary-expr","locations":[{"start":{"line":35,"column":6},"end":{"line":35,"column":16}},{"start":{"line":35,"column":20},"end":{"line":35,"column":47}}],"line":35}},"s":{"0":7,"1":7,"2":7,"3":7,"4":7,"5":7,"6":73,"7":71,"8":71,"9":71,"10":71,"11":0,"12":2,"13":7,"14":48,"15":48,"16":48,"17":7,"18":8,"19":8,"20":8,"21":7},"f":{"0":73,"1":48,"2":8},"b":{"0":[71,2],"1":[73,2]},"_coverageSchema":"1a1c01bbd47fc00a2c39e90264f33305004495a9","hash":"bf5271d3c27f39d88d58fc8d14c930496354b2cb"}
,"/Users/dylan/Code/web/uni-project/src/routes/eventRoutes.js": {"path":"/Users/dylan/Code/web/uni-project/src/routes/eventRoutes.js","statementMap":{"0":{"start":{"line":1,"column":15},"end":{"line":1,"column":42}},"1":{"start":{"line":2,"column":21},"end":{"line":2,"column":53}},"2":{"start":{"line":3,"column":18},"end":{"line":3,"column":47}},"3":{"start":{"line":4,"column":18},"end":{"line":4,"column":44}},"4":{"start":{"line":11,"column":4},"end":{"line":11,"column":45}},"5":{"start":{"line":12,"column":15},"end":{"line":12,"column":46}},"6":{"start":{"line":14,"column":0},"end":{"line":14,"column":41}},"7":{"start":{"line":15,"column":0},"end":{"line":15,"column":43}},"8":{"start":{"line":16,"column":0},"end":{"line":21,"column":2}},"9":{"start":{"line":22,"column":0},"end":{"line":27,"column":2}},"10":{"start":{"line":28,"column":0},"end":{"line":28,"column":77}},"11":{"start":{"line":30,"column":0},"end":{"line":30,"column":24}}},"fnMap":{},"branchMap":{},"s":{"0":4,"1":4,"2":4,"3":4,"4":4,"5":4,"6":4,"7":4,"8":4,"9":4,"10":4,"11":4},"f":{},"b":{},"_coverageSchema":"1a1c01bbd47fc00a2c39e90264f33305004495a9","hash":"7f7843b868d13785ceea49fd95b160acd8d2c99c"}
,"/Users/dylan/Code/web/uni-project/src/routes/resourceRoutes.js": {"path":"/Users/dylan/Code/web/uni-project/src/routes/resourceRoutes.js","statementMap":{"0":{"start":{"line":1,"column":15},"end":{"line":1,"column":42}},"1":{"start":{"line":2,"column":21},"end":{"line":2,"column":53}},"2":{"start":{"line":3,"column":18},"end":{"line":3,"column":47}},"3":{"start":{"line":4,"column":18},"end":{"line":4,"column":44}},"4":{"start":{"line":11,"column":4},"end":{"line":11,"column":48}},"5":{"start":{"line":12,"column":15},"end":{"line":12,"column":46}},"6":{"start":{"line":14,"column":0},"end":{"line":14,"column":44}},"7":{"start":{"line":15,"column":0},"end":{"line":15,"column":46}},"8":{"start":{"line":16,"column":0},"end":{"line":21,"column":2}},"9":{"start":{"line":22,"column":0},"end":{"line":27,"column":2}},"10":{"start":{"line":28,"column":0},"end":{"line":32,"column":2}},"11":{"start":{"line":34,"column":0},"end":{"line":34,"column":24}}},"fnMap":{},"branchMap":{},"s":{"0":4,"1":4,"2":4,"3":4,"4":4,"5":4,"6":4,"7":4,"8":4,"9":4,"10":4,"11":4},"f":{},"b":{},"_coverageSchema":"1a1c01bbd47fc00a2c39e90264f33305004495a9","hash":"22ea68f81e1a05d2c867a50ed3a2413a9bd30c4e"}
,"/Users/dylan/Code/web/uni-project/src/routes/statsRoutes.js": {"path":"/Users/dylan/Code/web/uni-project/src/routes/statsRoutes.js","statementMap":{"0":{"start":{"line":1,"column":15},"end":{"line":1,"column":42}},"1":{"start":{"line":2,"column":21},"end":{"line":2,"column":53}},"2":{"start":{"line":3,"column":18},"end":{"line":3,"column":47}},"3":{"start":{"line":10,"column":4},"end":{"line":10,"column":45}},"4":{"start":{"line":13,"column":0},"end":{"line":13,"column":60}},"5":{"start":{"line":14,"column":0},"end":{"line":14,"column":60}},"6":{"start":{"line":15,"column":0},"end":{"line":15,"column":60}},"7":{"start":{"line":16,"column":0},"end":{"line":16,"column":68}},"8":{"start":{"line":17,"column":0},"end":{"line":17,"column":62}},"9":{"start":{"line":19,"column":0},"end":{"line":19,"column":24}}},"fnMap":{},"branchMap":{},"s":{"0":4,"1":4,"2":4,"3":4,"4":4,"5":4,"6":4,"7":4,"8":4,"9":4},"f":{},"b":{},"_coverageSchema":"1a1c01bbd47fc00a2c39e90264f33305004495a9","hash":"fc9618f2da0e7213874798bf7dfbc5f1087b182e"}
,"/Users/dylan/Code/web/uni-project/src/routes/userRoutes.js": {"path":"/Users/dylan/Code/web/uni-project/src/routes/userRoutes.js","statementMap":{"0":{"start":{"line":1,"column":15},"end":{"line":1,"column":42}},"1":{"start":{"line":2,"column":21},"end":{"line":2,"column":53}},"2":{"start":{"line":3,"column":17},"end":{"line":3,"column":36}},"3":{"start":{"line":4,"column":14},"end":{"line":4,"column":40}},"4":{"start":{"line":5,"column":18},"end":{"line":5,"column":47}},"5":{"start":{"line":16,"column":4},"end":{"line":16,"column":44}},"6":{"start":{"line":19,"column":0},"end":{"line":19,"column":60}},"7":{"start":{"line":21,"column":0},"end":{"line":21,"column":42}},"8":{"start":{"line":24,"column":0},"end":{"line":24,"column":79}},"9":{"start":{"line":26,"column":0},"end":{"line":26,"column":53}},"10":{"start":{"line":29,"column":0},"end":{"line":29,"column":79}},"11":{"start":{"line":30,"column":0},"end":{"line":34,"column":2}},"12":{"start":{"line":36,"column":0},"end":{"line":36,"column":75}},"13":{"start":{"line":37,"column":0},"end":{"line":37,"column":45}},"14":{"start":{"line":38,"column":0},"end":{"line":42,"column":2}},"15":{"start":{"line":44,"column":0},"end":{"line":44,"column":24}}},"fnMap":{},"branchMap":{},"s":{"0":4,"1":4,"2":4,"3":4,"4":4,"5":4,"6":4,"7":4,"8":4,"9":4,"10":4,"11":4,"12":4,"13":4,"14":4,"15":4},"f":{},"b":{},"_coverageSchema":"1a1c01bbd47fc00a2c39e90264f33305004495a9","hash":"242c7b55c6c7beed86448eefaf5106f0a8b22c40"}
,"/Users/dylan/Code/web/uni-project/src/utils/authorizeUser.js": {"path":"/Users/dylan/Code/web/uni-project/src/utils/authorizeUser.js","statementMap":{"0":{"start":{"line":2,"column":22},"end":{"line":11,"column":1}},"1":{"start":{"line":4,"column":2},"end":{"line":4,"column":29}},"2":{"start":{"line":4,"column":16},"end":{"line":4,"column":29}},"3":{"start":{"line":6,"column":2},"end":{"line":9,"column":3}},"4":{"start":{"line":8,"column":4},"end":{"line":8,"column":56}},"5":{"start":{"line":10,"column":2},"end":{"line":10,"column":14}},"6":{"start":{"line":13,"column":0},"end":{"line":13,"column":31}}},"fnMap":{"0":{"name":"(anonymous_0)","decl":{"start":{"line":2,"column":22},"end":{"line":2,"column":23}},"loc":{"start":{"line":2,"column":43},"end":{"line":11,"column":1}},"line":2}},"branchMap":{"0":{"loc":{"start":{"line":4,"column":2},"end":{"line":4,"column":29}},"type":"if","locations":[{"start":{"line":4,"column":2},"end":{"line":4,"column":29}},{"start":{},"end":{}}],"line":4},"1":{"loc":{"start":{"line":6,"column":2},"end":{"line":9,"column":3}},"type":"if","locations":[{"start":{"line":6,"column":2},"end":{"line":9,"column":3}},{"start":{},"end":{}}],"line":6}},"s":{"0":4,"1":19,"2":1,"3":18,"4":9,"5":9,"6":4},"f":{"0":19},"b":{"0":[1,18],"1":[9,9]},"_coverageSchema":"1a1c01bbd47fc00a2c39e90264f33305004495a9","hash":"4eb5bd35d2171d6e403f49c74305b7e22dfdc347"}
,"/Users/dylan/Code/web/uni-project/src/utils/s3Service.js": {"path":"/Users/dylan/Code/web/uni-project/src/utils/s3Service.js","statementMap":{"0":{"start":{"line":1,"column":11},"end":{"line":1,"column":40}},"1":{"start":{"line":7,"column":4},"end":{"line":7,"column":31}},"2":{"start":{"line":8,"column":11},"end":{"line":8,"column":24}},"3":{"start":{"line":9,"column":19},"end":{"line":9,"column":32}},"4":{"start":{"line":10,"column":15},"end":{"line":10,"column":42}},"5":{"start":{"line":12,"column":18},"end":{"line":12,"column":76}},"6":{"start":{"line":15,"column":11},"end":{"line":21,"column":2}},"7":{"start":{"line":23,"column":21},"end":{"line":23,"column":29}},"8":{"start":{"line":30,"column":19},"end":{"line":60,"column":1}},"9":{"start":{"line":31,"column":21},"end":{"line":31,"column":51}},"10":{"start":{"line":33,"column":20},"end":{"line":33,"column":60}},"11":{"start":{"line":35,"column":23},"end":{"line":39,"column":3}},"12":{"start":{"line":42,"column":2},"end":{"line":48,"column":3}},"13":{"start":{"line":43,"column":21},"end":{"line":43,"column":60}},"14":{"start":{"line":44,"column":4},"end":{"line":44,"column":56}},"15":{"start":{"line":45,"column":4},"end":{"line":45,"column":33}},"16":{"start":{"line":47,"column":4},"end":{"line":47,"column":32}},"17":{"start":{"line":51,"column":2},"end":{"line":51,"column":27}},"18":{"start":{"line":52,"column":2},"end":{"line":58,"column":3}},"19":{"start":{"line":53,"column":4},"end":{"line":55,"column":7}},"20":{"start":{"line":54,"column":6},"end":{"line":54,"column":37}},"21":{"start":{"line":57,"column":4},"end":{"line":57,"column":32}},"22":{"start":{"line":59,"column":2},"end":{"line":59,"column":18}},"23":{"start":{"line":62,"column":20},"end":{"line":73,"column":1}},"24":{"start":{"line":65,"column":2},"end":{"line":70,"column":3}},"25":{"start":{"line":66,"column":4},"end":{"line":66,"column":37}},"26":{"start":{"line":67,"column":4},"end":{"line":67,"column":35}},"27":{"start":{"line":69,"column":4},"end":{"line":69,"column":32}},"28":{"start":{"line":72,"column":2},"end":{"line":72,"column":21}},"29":{"start":{"line":75,"column":19},"end":{"line":85,"column":1}},"30":{"start":{"line":77,"column":14},"end":{"line":77,"column":48}},"31":{"start":{"line":78,"column":22},"end":{"line":81,"column":3}},"32":{"start":{"line":83,"column":19},"end":{"line":83,"column":63}},"33":{"start":{"line":84,"column":2},"end":{"line":84,"column":48}},"34":{"start":{"line":86,"column":0},"end":{"line":86,"column":57}}},"fnMap":{"0":{"name":"(anonymous_0)","decl":{"start":{"line":23,"column":21},"end":{"line":23,"column":22}},"loc":{"start":{"line":23,"column":27},"end":{"line":23,"column":29}},"line":23},"1":{"name":"(anonymous_1)","decl":{"start":{"line":30,"column":19},"end":{"line":30,"column":20}},"loc":{"start":{"line":30,"column":35},"end":{"line":60,"column":1}},"line":30},"2":{"name":"(anonymous_2)","decl":{"start":{"line":53,"column":22},"end":{"line":53,"column":23}},"loc":{"start":{"line":53,"column":28},"end":{"line":55,"column":5}},"line":53},"3":{"name":"(anonymous_3)","decl":{"start":{"line":62,"column":20},"end":{"line":62,"column":21}},"loc":{"start":{"line":62,"column":52},"end":{"line":73,"column":1}},"line":62},"4":{"name":"(anonymous_4)","decl":{"start":{"line":75,"column":19},"end":{"line":75,"column":20}},"loc":{"start":{"line":75,"column":42},"end":{"line":85,"column":1}},"line":75}},"branchMap":{},"s":{"0":4,"1":4,"2":4,"3":4,"4":4,"5":4,"6":4,"7":4,"8":4,"9":0,"10":0,"11":0,"12":0,"13":0,"14":0,"15":0,"16":0,"17":0,"18":0,"19":0,"20":0,"21":0,"22":0,"23":4,"24":0,"25":0,"26":0,"27":0,"28":0,"29":4,"30":0,"31":0,"32":0,"33":0,"34":4},"f":{"0":0,"1":0,"2":0,"3":0,"4":0},"b":{},"_coverageSchema":"1a1c01bbd47fc00a2c39e90264f33305004495a9","hash":"9e7e363edd87ff30375f5e58dcd7f3067092155e"}
,"/Users/dylan/Code/web/uni-project/src/validation/Event.js": {"path":"/Users/dylan/Code/web/uni-project/src/validation/Event.js","statementMap":{"0":{"start":{"line":1,"column":27},"end":{"line":1,"column":41}},"1":{"start":{"line":2,"column":19},"end":{"line":2,"column":50}},"2":{"start":{"line":3,"column":24},"end":{"line":3,"column":43}},"3":{"start":{"line":5,"column":22},"end":{"line":14,"column":1}},"4":{"start":{"line":6,"column":16},"end":{"line":6,"column":20}},"5":{"start":{"line":7,"column":16},"end":{"line":7,"column":18}},"6":{"start":{"line":9,"column":2},"end":{"line":12,"column":3}},"7":{"start":{"line":10,"column":4},"end":{"line":10,"column":20}},"8":{"start":{"line":11,"column":4},"end":{"line":11,"column":38}},"9":{"start":{"line":13,"column":2},"end":{"line":13,"column":30}},"10":{"start":{"line":16,"column":28},"end":{"line":31,"column":1}},"11":{"start":{"line":17,"column":16},"end":{"line":17,"column":20}},"12":{"start":{"line":18,"column":16},"end":{"line":18,"column":18}},"13":{"start":{"line":20,"column":2},"end":{"line":23,"column":3}},"14":{"start":{"line":21,"column":4},"end":{"line":21,"column":20}},"15":{"start":{"line":22,"column":4},"end":{"line":22,"column":38}},"16":{"start":{"line":25,"column":2},"end":{"line":28,"column":3}},"17":{"start":{"line":26,"column":4},"end":{"line":26,"column":20}},"18":{"start":{"line":27,"column":4},"end":{"line":27,"column":66}},"19":{"start":{"line":30,"column":2},"end":{"line":30,"column":30}},"20":{"start":{"line":33,"column":25},"end":{"line":44,"column":1}},"21":{"start":{"line":34,"column":16},"end":{"line":34,"column":20}},"22":{"start":{"line":35,"column":16},"end":{"line":35,"column":18}},"23":{"start":{"line":37,"column":2},"end":{"line":41,"column":3}},"24":{"start":{"line":38,"column":4},"end":{"line":38,"column":20}},"25":{"start":{"line":39,"column":4},"end":{"line":40,"column":73}},"26":{"start":{"line":43,"column":2},"end":{"line":43,"column":30}},"27":{"start":{"line":46,"column":24},"end":{"line":80,"column":1}},"28":{"start":{"line":47,"column":16},"end":{"line":47,"column":20}},"29":{"start":{"line":48,"column":16},"end":{"line":48,"column":18}},"30":{"start":{"line":50,"column":2},"end":{"line":54,"column":3}},"31":{"start":{"line":51,"column":19},"end":{"line":51,"column":39}},"32":{"start":{"line":52,"column":4},"end":{"line":52,"column":29}},"33":{"start":{"line":53,"column":4},"end":{"line":53,"column":29}},"34":{"start":{"line":56,"column":2},"end":{"line":77,"column":3}},"35":{"start":{"line":57,"column":26},"end":{"line":62,"column":6}},"36":{"start":{"line":64,"column":32},"end":{"line":64,"column":51}},"37":{"start":{"line":66,"column":4},"end":{"line":76,"column":5}},"38":{"start":{"line":67,"column":6},"end":{"line":70,"column":7}},"39":{"start":{"line":68,"column":8},"end":{"line":68,"column":24}},"40":{"start":{"line":69,"column":8},"end":{"line":69,"column":51}},"41":{"start":{"line":72,"column":6},"end":{"line":75,"column":7}},"42":{"start":{"line":73,"column":8},"end":{"line":73,"column":24}},"43":{"start":{"line":74,"column":8},"end":{"line":74,"column":28}},"44":{"start":{"line":79,"column":2},"end":{"line":79,"column":30}},"45":{"start":{"line":82,"column":25},"end":{"line":87,"column":1}},"46":{"start":{"line":83,"column":16},"end":{"line":83,"column":20}},"47":{"start":{"line":84,"column":16},"end":{"line":84,"column":18}},"48":{"start":{"line":86,"column":2},"end":{"line":86,"column":30}},"49":{"start":{"line":89,"column":30},"end":{"line":102,"column":1}},"50":{"start":{"line":90,"column":16},"end":{"line":90,"column":20}},"51":{"start":{"line":91,"column":16},"end":{"line":91,"column":18}},"52":{"start":{"line":94,"column":4},"end":{"line":94,"column":92}},"53":{"start":{"line":96,"column":2},"end":{"line":99,"column":3}},"54":{"start":{"line":97,"column":4},"end":{"line":97,"column":20}},"55":{"start":{"line":98,"column":4},"end":{"line":98,"column":54}},"56":{"start":{"line":101,"column":2},"end":{"line":101,"column":30}},"57":{"start":{"line":104,"column":0},"end":{"line":111,"column":2}}},"fnMap":{"0":{"name":"(anonymous_0)","decl":{"start":{"line":5,"column":22},"end":{"line":5,"column":23}},"loc":{"start":{"line":5,"column":33},"end":{"line":14,"column":1}},"line":5},"1":{"name":"(anonymous_1)","decl":{"start":{"line":16,"column":28},"end":{"line":16,"column":29}},"loc":{"start":{"lin
[...]
,"/Users/dylan/Code/web/uni-project/src/validation/Resource.js": {"path":"/Users/dylan/Code/web/uni-project/src/validation/Resource.js","statementMap":{"0":{"start":{"line":1,"column":24},"end":{"line":1,"column":43}},"1":{"start":{"line":2,"column":22},"end":{"line":2,"column":56}},"2":{"start":{"line":4,"column":22},"end":{"line":13,"column":1}},"3":{"start":{"line":5,"column":16},"end":{"line":5,"column":20}},"4":{"start":{"line":6,"column":16},"end":{"line":6,"column":18}},"5":{"start":{"line":8,"column":2},"end":{"line":11,"column":3}},"6":{"start":{"line":9,"column":4},"end":{"line":9,"column":20}},"7":{"start":{"line":10,"column":4},"end":{"line":10,"column":38}},"8":{"start":{"line":12,"column":2},"end":{"line":12,"column":30}},"9":{"start":{"line":15,"column":28},"end":{"line":30,"column":1}},"10":{"start":{"line":16,"column":16},"end":{"line":16,"column":20}},"11":{"start":{"line":17,"column":16},"end":{"line":17,"column":18}},"12":{"start":{"line":19,"column":2},"end":{"line":22,"column":3}},"13":{"start":{"line":20,"column":4},"end":{"line":20,"column":20}},"14":{"start":{"line":21,"column":4},"end":{"line":21,"column":38}},"15":{"start":{"line":24,"column":2},"end":{"line":27,"column":3}},"16":{"start":{"line":25,"column":4},"end":{"line":25,"column":20}},"17":{"start":{"line":26,"column":4},"end":{"line":26,"column":66}},"18":{"start":{"line":29,"column":2},"end":{"line":29,"column":30}},"19":{"start":{"line":32,"column":29},"end":{"line":53,"column":1}},"20":{"start":{"line":33,"column":16},"end":{"line":33,"column":20}},"21":{"start":{"line":34,"column":16},"end":{"line":34,"column":18}},"22":{"start":{"line":36,"column":2},"end":{"line":39,"column":3}},"23":{"start":{"line":37,"column":4},"end":{"line":37,"column":20}},"24":{"start":{"line":38,"column":4},"end":{"line":38,"column":47}},"25":{"start":{"line":41,"column":14},"end":{"line":41,"column":19}},"26":{"start":{"line":42,"column":2},"end":{"line":46,"column":5}},"27":{"start":{"line":43,"column":4},"end":{"line":45,"column":5}},"28":{"start":{"line":44,"column":6},"end":{"line":44,"column":19}},"29":{"start":{"line":48,"column":2},"end":{"line":51,"column":3}},"30":{"start":{"line":49,"column":4},"end":{"line":49,"column":20}},"31":{"start":{"line":50,"column":4},"end":{"line":50,"column":53}},"32":{"start":{"line":52,"column":2},"end":{"line":52,"column":30}},"33":{"start":{"line":55,"column":28},"end":{"line":75,"column":1}},"34":{"start":{"line":56,"column":16},"end":{"line":56,"column":20}},"35":{"start":{"line":57,"column":16},"end":{"line":57,"column":18}},"36":{"start":{"line":59,"column":2},"end":{"line":66,"column":3}},"37":{"start":{"line":61,"column":6},"end":{"line":61,"column":102}},"38":{"start":{"line":62,"column":4},"end":{"line":65,"column":5}},"39":{"start":{"line":63,"column":6},"end":{"line":63,"column":22}},"40":{"start":{"line":64,"column":6},"end":{"line":64,"column":53}},"41":{"start":{"line":68,"column":2},"end":{"line":72,"column":3}},"42":{"start":{"line":69,"column":19},"end":{"line":69,"column":43}},"43":{"start":{"line":70,"column":4},"end":{"line":70,"column":29}},"44":{"start":{"line":71,"column":4},"end":{"line":71,"column":29}},"45":{"start":{"line":74,"column":2},"end":{"line":74,"column":30}},"46":{"start":{"line":77,"column":0},"end":{"line":82,"column":2}}},"fnMap":{"0":{"name":"(anonymous_0)","decl":{"start":{"line":4,"column":22},"end":{"line":4,"column":23}},"loc":{"start":{"line":4,"column":33},"end":{"line":13,"column":1}},"line":4},"1":{"name":"(anonymous_1)","decl":{"start":{"line":15,"column":28},"end":{"line":15,"column":29}},"loc":{"start":{"line":15,"column":45},"end":{"line":30,"column":1}},"line":15},"2":{"name":"(anonymous_2)","decl":{"start":{"line":32,"column":29},"end":{"line":32,"column":30}},"loc":{"start":{"line":32,"column":47},"end":{"line":53,"column":1}},"line":32},"3":{"name":"(anonymous_3)","decl":{"start":{"line":42,"column":40},"end":{"line":42,"column":41}},"loc":{"start":{"line":42,"column":56},"end":{"line":46,"column":3}},"line":42},"4":{"name":"(anonymous_4)","decl":{"start":{"line":55,"column":28},"end":{"line":55,"column":29}},"loc":{"start":{"line":55,"column":59},"end":{"line":75,"column":1}},"line":55}},"branchMap":{"0":{"loc":{"start":{"line":8,"column":2},"end":{"line":11,"column":3}},"type":"if","locations":[{"start":{"line":8,"column":2},"end":{"line":11,"column":3}},{"start":{},"end":{}}],"line":8},"1":{"loc":{"start":{"line":8,"column":6},"end":{"line":8,"column":41}},"type":"binary-expr","locations":[{"start":{"line":8,"column":6},"end":{"line":8,"column":12}},{"start":{"line":8,"column":16},"end":{"line":8,"column":41}}],"line":8},"2":{"loc":{"start":{"line":19,"column":2},"end":{"line":22,"column":3}},"type":"if","locations":[{"start":{"line":19,"column":2},"end":{"line":22,"column":3}},{"start":{},"end":{}}],"line":19},"3":{"loc":{"start":{"line":19,"column":6},"end":{"line":19,"column":53}},"type":"binary-expr","locations":[{"start":{"line":19,"column":6},"end":{"line":19,"column":18}},{"start":{"line":19,"column":22},"end":{"line":19,"column":53}}],"line":19},"4":{"loc":{"start":{"line":24,"column":2},"end":{"line":27,"column":3}},"type":"if","locations":[{"start":{"line":24,"column":2},"end":{"line":27,"column":3}},{"start":{},"end":{}}],"line":24},"5":{"loc":{"start":{"line":36,"column":2},"end":{"line":39,"column":3}},"type":"if","locations":[{"start":{"line":36,"column":2},"end":{"line":39,"column":3}},{"start":{},"end":{}}],"line":36},"6":{"loc":{"start":{"line":43,"column":4},"end":{"line":45,"column":5}},"type":"if","locations":[{"start":{"line":43,"column":4},"end":{"line":45,"column":5}},{"start":{},"end":{}}],"line":43},"7":{"loc":{"start":{"line":48,"column":2},"end":{"line":51,"column":3}},"type":"if","locations":[{"start":{"line":48,"column":2},"end":{"line":51,"column":3}},{"start":{},"end":{}}],"line":48},"8":{"loc":{"start":{"line":59,"column":2},"end":{"line":66,"column":3}},"type":"if","locations":[{"start":{"line":59,"column":2},"end":{"line":66,"column":3}},{"start":{},"end":{}}],"line":59},"9":{"loc":{"start":{"line":62,"column":4},"end":{"line":65,"column":5}},"type":"if","locations":[{"start":{"line":62,"column":4},"end":{"line":65,"column":5}},{"start":{},"end":{}}],"line":62},"10":{"loc":{"start":{"line":68,"column":2},"end":{"line":72,"column":3}},"type":"if","locations":[{"start":{"line":68,"column":2},"end":{"line":72,"column":3}},{"start":{},"end":{}}],"line":68}},"s":{"0":5,"1":5,"2":5,"3":8,"4":8,"5":8,"6":2,"7":2,"8":8,"9":5,"10":8,"11":8,"12":8,"13":1,"14":1,"15":8,"16":1,"17":1,"18":8,"19":5,"20":9,"21":9,"22":9,"23":0,"24":0,"25":9,"26":9,"27":27,"28":7,"29":9,"30":2,"31":2,"32":9,"33":5,"34":10,"35":10,"36":10,"37":2,"38":2,"39":1,"40":1,"41":10,"42":7,"43":7,"44":7,"45":10,"46":5},"f":{"0":8,"1":8,"2":9,"3":27,"4":10},"b":{"0":[2,6],"1":[8,6],"2":[1,7],"3":[8,7],"4":[1,7],"5":[0,9],"6":[7,20],"7":[2,7],"8":[2,8],"9":[1,1],"10":[7,3]},"_coverageSchema":"1a1c01bbd47fc00a2c39e90264f33305004495a9","hash":"41f8fc485cd7285ab1882d350720c9ea705244b2"}
,"/Users/dylan/Code/web/uni-project/src/validation/User.js": {"path":"/Users/dylan/Code/web/uni-project/src/validation/User.js","statementMap":{"0":{"start":{"line":1,"column":13},"end":{"line":1,"column":38}},"1":{"start":{"line":3,"column":21},"end":{"line":19,"column":1}},"2":{"start":{"line":4,"column":16},"end":{"line":4,"column":20}},"3":{"start":{"line":5,"column":16},"end":{"line":5,"column":18}},"4":{"start":{"line":8,"column":2},"end":{"line":11,"column":3}},"5":{"start":{"line":9,"column":4},"end":{"line":9,"column":20}},"6":{"start":{"line":10,"column":4},"end":{"line":10,"column":37}},"7":{"start":{"line":14,"column":2},"end":{"line":17,"column":3}},"8":{"start":{"line":15,"column":4},"end":{"line":15,"column":20}},"9":{"start":{"line":16,"column":4},"end":{"line":16,"column":66}},"10":{"start":{"line":18,"column":2},"end":{"line":18,"column":30}},"11":{"start":{"line":21,"column":22},"end":{"line":44,"column":1}},"12":{"start":{"line":22,"column":16},"end":{"line":22,"column":20}},"13":{"start":{"line":23,"column":16},"end":{"line":23,"column":18}},"14":{"start":{"line":26,"column":2},"end":{"line":35,"column":3}},"15":{"start":{"line":33,"column":4},"end":{"line":33,"column":20}},"16":{"start":{"line":34,"column":4},"end":{"line":34,"column":44}},"17":{"start":{"line":37,"column":24},"end":{"line":37,"column":53}},"18":{"start":{"line":38,"column":2},"end":{"line":41,"column":3}},"19":{"start":{"line":39,"column":4},"end":{"line":39,"column":20}},"20":{"start":{"line":40,"column":4},"end":{"line":40,"column":48}},"21":{"start":{"line":43,"column":2},"end":{"line":43,"column":30}},"22":{"start":{"line":46,"column":25},"end":{"line":69,"column":1}},"23":{"start":{"line":47,"column":16},"end":{"line":47,"column":20}},"24":{"start":{"line":48,"column":16},"end":{"line":48,"column":18}},"25":{"start":{"line":51,"column":2},"end":{"line":54,"column":3}},"26":{"start":{"line":52,"column":4},"end":{"line":52,"column":20}},"27":{"start":{"line":53,"column":4},"end":{"line":53,"column":55}},"28":{"start":{"line":57,"column":2},"end":{"line":60,"column":3}},"29":{"start":{"line":58,"column":4},"end":{"line":58,"column":20}},"30":{"start":{"line":59,"column":4},"end":{"line":59,"column":47}},"31":{"start":{"line":62,"column":2},"end":{"line":66,"column":3}},"32":{"start":{"line":64,"column":4},"end":{"line":64,"column":20}},"33":{"start":{"line":65,"column":4},"end":{"line":65,"column":66}},"34":{"start":{"line":68,"column":2},"end":{"line":68,"column":30}},"35":{"start":{"line":71,"column":0},"end":{"line":75,"column":2}}},"fnMap":{"0":{"name":"(anonymous_0)","decl":{"start":{"line":3,"column":21},"end":{"line":3,"column":22}},"loc":{"start":{"line":3,"column":31},"end":{"line":19,"column":1}},"line":3},"1":{"name":"(anonymous_1)","decl":{"start":{"line":21,"column":22},"end":{"line":21,"column":23}},"loc":{"start":{"line":21,"column":39},"end":{"line":44,"column":1}},"line":21},"2":{"name":"(anonymous_2)","decl":{"start":{"line":46,"column":25},"end":{"line":46,"column":26}},"loc":{"start":{"line":46,"column":39},"end":{"line":69,"column":1}},"line":46}},"branchMap":{"0":{"loc":{"start":{"line":8,"column":2},"end":{"line":11,"column":3}},"type":"if","locations":[{"start":{"line":8,"column":2},"end":{"line":11,"column":3}},{"start":{},"end":{}}],"line":8},"1":{"loc":{"start":{"line":14,"column":2},"end":{"line":17,"column":3}},"type":"if","locations":[{"start":{"line":14,"column":2},"end":{"line":17,"column":3}},{"start":{},"end":{}}],"line":14},"2":{"loc":{"start":{"line":26,"column":2},"end":{"line":35,"column":3}},"type":"if","locations":[{"start":{"line":26,"column":2},"end":{"line":35,"column":3}},{"start":{},"end":{}}],"line":26},"3":{"loc":{"start":{"line":38,"column":2},"end":{"line":41,"column":3}},"type":"if","locations":[{"start":{"line":38,"column":2},"end":{"line":41,"column":3}},{"start":{},"end":{}}],"line":38},"4":{"loc":{"start":{"line":51,"column":2},"end":{"line":54,"column":3}},"type":"if","locations":[{"start":{"line":51,"column":2},"end":{"line":54,"column":3}},{"start":{},"end":{}}],"line":51},"5":{"loc":{"start":{"line":57,"column":2},"end":{"line":60,"column":3}},"type":"if","locations":[{"start":{"line":57,"column":2},"end":{"line":60,"column":3}},{"start":{},"end":{}}],"line":57},"6":{"loc":{"start":{"line":62,"column":2},"end":{"line":66,"column":3}},"type":"if","locations":[{"start":{"line":62,"column":2},"end":{"line":66,"column":3}},{"start":{},"end":{}}],"line":62}},"s":{"0":5,"1":5,"2":7,"3":7,"4":7,"5":2,"6":2,"7":7,"8":1,"9":1,"10":7,"11":5,"12":4,"13":4,"14":4,"15":1,"16":1,"17":4,"18":4,"19":1,"20":1,"21":4,"22":5,"23":5,"24":5,"25":5,"26":1,"27":1,"28":5,"29":1,"30":1,"31":5,"32":1,"33":1,"34":5,"35":5},"f":{"0":7,"1":4,"2":5},"b":{"0":[2,5],"1":[1,6],"2":[1,3],"3":[1,3],"4":[1,4],"5":[1,4],"6":[1,4]},"_coverageSchema":"1a1c01bbd47fc00a2c39e90264f33305004495a9","hash":"89cbbb25fdcab696f4930147ddec3a1ffe3515c1"}
,"/Users/dylan/Code/web/uni-project/src/validation/common.js": {"path":"/Users/dylan/Code/web/uni-project/src/validation/common.js","statementMap":{"0":{"start":{"line":3,"column":21},"end":{"line":10,"column":1}},"1":{"start":{"line":4,"column":31},"end":{"line":4,"column":60}},"2":{"start":{"line":6,"column":2},"end":{"line":8,"column":3}},"3":{"start":{"line":7,"column":4},"end":{"line":7,"column":38}},"4":{"start":{"line":9,"column":2},"end":{"line":9,"column":17}},"5":{"start":{"line":14,"column":17},"end":{"line":21,"column":1}},"6":{"start":{"line":15,"column":31},"end":{"line":15,"column":66}},"7":{"start":{"line":17,"column":2},"end":{"line":19,"column":3}},"8":{"start":{"line":18,"column":4},"end":{"line":18,"column":38}},"9":{"start":{"line":20,"column":2},"end":{"line":20,"column":17}},"10":{"start":{"line":24,"column":20},"end":{"line":42,"column":1}},"11":{"start":{"line":25,"column":16},"end":{"line":25,"column":20}},"12":{"start":{"line":26,"column":16},"end":{"line":26,"column":18}},"13":{"start":{"line":28,"column":4},"end":{"line":28,"column":429}},"14":{"start":{"line":29,"column":2},"end":{"line":32,"column":3}},"15":{"start":{"line":30,"column":4},"end":{"line":30,"column":20}},"16":{"start":{"line":31,"column":4},"end":{"line":31,"column":43}},"17":{"start":{"line":33,"column":2},"end":{"line":36,"column":3}},"18":{"start":{"line":34,"column":4},"end":{"line":34,"column":20}},"19":{"start":{"line":35,"column":4},"end":{"line":35,"column":52}},"20":{"start":{"line":37,"column":2},"end":{"line":40,"column":3}},"21":{"start":{"line":38,"column":4},"end":{"line":38,"column":20}},"22":{"start":{"line":39,"column":4},"end":{"line":39,"column":43}},"23":{"start":{"line":41,"column":2},"end":{"line":41,"column":30}},"24":{"start":{"line":44,"column":0},"end":{"line":44,"column":57}}},"fnMap":{"0":{"name":"(anonymous_0)","decl":{"start":{"line":3,"column":21},"end":{"line":3,"column":22}},"loc":{"start":{"line":3,"column":58},"end":{"line":10,"column":1}},"line":3},"1":{"name":"(anonymous_1)","decl":{"start":{"line":14,"column":17},"end":{"line":14,"column":18}},"loc":{"start":{"line":14,"column":60},"end":{"line":21,"column":1}},"line":14},"2":{"name":"(anonymous_2)","decl":{"start":{"line":24,"column":20},"end":{"line":24,"column":21}},"loc":{"start":{"line":24,"column":29},"end":{"line":42,"column":1}},"line":24}},"branchMap":{"0":{"loc":{"start":{"line":6,"column":2},"end":{"line":8,"column":3}},"type":"if","locations":[{"start":{"line":6,"column":2},"end":{"line":8,"column":3}},{"start":{},"end":{}}],"line":6},"1":{"loc":{"start":{"line":17,"column":2},"end":{"line":19,"column":3}},"type":"if","locations":[{"start":{"line":17,"column":2},"end":{"line":19,"column":3}},{"start":{},"end":{}}],"line":17},"2":{"loc":{"start":{"line":29,"column":2},"end":{"line":32,"column":3}},"type":"if","locations":[{"start":{"line":29,"column":2},"end":{"line":32,"column":3}},{"start":{},"end":{}}],"line":29},"3":{"loc":{"start":{"line":33,"column":2},"end":{"line":36,"column":3}},"type":"if","locations":[{"start":{"line":33,"column":2},"end":{"line":36,"column":3}},{"start":{},"end":{}}],"line":33},"4":{"loc":{"start":{"line":37,"column":2},"end":{"line":40,"column":3}},"type":"if","locations":[{"start":{"line":37,"column":2},"end":{"line":40,"column":3}},{"start":{},"end":{}}],"line":37},"5":{"loc":{"start":{"line":37,"column":6},"end":{"line":37,"column":37}},"type":"binary-expr","locations":[{"start":{"line":37,"column":6},"end":{"line":37,"column":10}},{"start":{"line":37,"column":14},"end":{"line":37,"column":37}}],"line":37}},"s":{"0":6,"1":39,"2":39,"3":5,"4":39,"5":6,"6":1,"7":1,"8":0,"9":1,"10":6,"11":11,"12":11,"13":11,"14":11,"15":2,"16":2,"17":11,"18":3,"19":3,"20":11,"21":1,"22":1,"23":11,"24":6},"f":{"0":39,"1":1,"2":11},"b":{"0":[5,34],"1":[0,1],"2":[2,9],"3":[3,8],"4":[1,10],"5":[11,10]},"_coverageSchema":"1a1c01bbd47fc00a2c39e90264f33305004495a9","hash":"3ae6ee17faed5b91fb5e393bdaaaec939a02179a"}
,"/Users/dylan/Code/web/uni-project/tests/testUtils.js": {"path":"/Users/dylan/Code/web/uni-project/tests/testUtils.js","statementMap":{"0":{"start":{"line":1,"column":17},"end":{"line":1,"column":36}},"1":{"start":{"line":2,"column":13},"end":{"line":2,"column":42}},"2":{"start":{"line":3,"column":15},"end":{"line":3,"column":46}},"3":{"start":{"line":4,"column":0},"end":{"line":4,"column":27}},"4":{"start":{"line":6,"column":17},"end":{"line":12,"column":1}},"5":{"start":{"line":14,"column":17},"end":{"line":18,"column":1}},"6":{"start":{"line":20,"column":26},"end":{"line":29,"column":1}},"7":{"start":{"line":21,"column":2},"end":{"line":28,"column":7}},"8":{"start":{"line":24,"column":6},"end":{"line":24,"column":40}},"9":{"start":{"line":27,"column":6},"end":{"line":27,"column":39}},"10":{"start":{"line":31,"column":29},"end":{"line":39,"column":1}},"11":{"start":{"line":32,"column":19},"end":{"line":34,"column":65}},"12":{"start":{"line":35,"column":17},"end":{"line":35,"column":47}},"13":{"start":{"line":36,"column":19},"end":{"line":36,"column":27}},"14":{"start":{"line":38,"column":2},"end":{"line":38,"column":16}},"15":{"start":{"line":41,"column":26},"end":{"line":45,"column":1}},"16":{"start":{"line":42,"column":2},"end":{"line":42,"column":37}},"17":{"start":{"line":43,"column":17},"end":{"line":43,"column":48}},"18":{"start":{"line":44,"column":2},"end":{"line":44,"column":16}},"19":{"start":{"line":46,"column":27},"end":{"line":50,"column":1}},"20":{"start":{"line":47,"column":2},"end":{"line":47,"column":52}},"21":{"start":{"line":48,"column":17},"end":{"line":48,"column":48}},"22":{"start":{"line":49,"column":2},"end":{"line":49,"column":16}},"23":{"start":{"line":52,"column":0},"end":{"line":58,"column":2}}},"fnMap":{"0":{"name":"(anonymous_0)","decl":{"start":{"line":20,"column":26},"end":{"line":20,"column":27}},"loc":{"start":{"line":20,"column":32},"end":{"line":29,"column":1}},"line":20},"1":{"name":"(anonymous_1)","decl":{"start":{"line":23,"column":10},"end":{"line":23,"column":11}},"loc":{"start":{"line":23,"column":16},"end":{"line":25,"column":5}},"line":23},"2":{"name":"(anonymous_2)","decl":{"start":{"line":26,"column":11},"end":{"line":26,"column":12}},"loc":{"start":{"line":26,"column":18},"end":{"line":28,"column":5}},"line":26},"3":{"name":"(anonymous_3)","decl":{"start":{"line":31,"column":29},"end":{"line":31,"column":30}},"loc":{"start":{"line":31,"column":44},"end":{"line":39,"column":1}},"line":31},"4":{"name":"(anonymous_4)","decl":{"start":{"line":41,"column":26},"end":{"line":41,"column":27}},"loc":{"start":{"line":41,"column":41},"end":{"line":45,"column":1}},"line":41},"5":{"name":"(anonymous_5)","decl":{"start":{"line":46,"column":27},"end":{"line":46,"column":28}},"loc":{"start":{"line":46,"column":42},"end":{"line":50,"column":1}},"line":46}},"branchMap":{},"s":{"0":7,"1":7,"2":7,"3":7,"4":7,"5":7,"6":7,"7":5,"8":5,"9":0,"10":7,"11":46,"12":46,"13":46,"14":46,"15":7,"16":20,"17":20,"18":20,"19":7,"20":26,"21":26,"22":26,"23":7},"f":{"0":5,"1":5,"2":0,"3":46,"4":20,"5":26},"b":{},"_coverageSchema":"1a1c01bbd47fc00a2c39e90264f33305004495a9","hash":"206ce86dc07e0db27485b0526141b6c8356910e1"}
}
